<?xml version="1.0" encoding="UTF-8"?>
<!-- Generated by org.testng.reporters.JUnitXMLReporter -->
<testsuite ignored="10" hostname="Asifs-Air.lan" failures="0" tests="1" name="Surefire test" time="1.204" errors="0" timestamp="2025-07-01T08:09:38 GST">
  <testcase classname="tests.RepositoryApiTest" name="testListRepositoryActivities" time="0.884"/>
  <testcase classname="tests.RepositoryApiTest" name="testCheckDependabotSecurityUpdatesEnabled" time="0.0">
    <ignored/>
  </testcase> <!-- testCheckDependabotSecurityUpdatesEnabled -->
  <testcase classname="tests.RepositoryApiTest" name="testListRepositoryContributors" time="0.0">
    <ignored/>
  </testcase> <!-- testListRepositoryContributors -->
  <testcase classname="tests.RepositoryApiTest" name="testListAuthenticatedUserRepositories" time="0.0">
    <ignored/>
  </testcase> <!-- testListAuthenticatedUserRepositories -->
  <testcase classname="tests.RepositoryApiTest" name="testCreateRepositoryForAuthenticatedUser" time="0.0">
    <ignored/>
  </testcase> <!-- testCreateRepositoryForAuthenticatedUser -->
  <testcase classname="tests.RepositoryApiTest" name="testListAllPublicRepositories" time="0.0">
    <ignored/>
  </testcase> <!-- testListAllPublicRepositories -->
  <testcase classname="tests.RepositoryApiTest" name="testListAllPublicRepositoriesWithPagination" time="0.0">
    <ignored/>
  </testcase> <!-- testListAllPublicRepositoriesWithPagination -->
  <testcase classname="tests.RepositoryApiTest" name="testDeleteRepositoryForAuthenticatedUser" time="0.0">
    <ignored/>
  </testcase> <!-- testDeleteRepositoryForAuthenticatedUser -->
  <testcase classname="tests.RepositoryApiTest" name="testDeleteRepository" time="0.0">
    <ignored/>
  </testcase> <!-- testDeleteRepository -->
  <testcase classname="tests.RepositoryApiTest" name="testUpdateRepository" time="0.0">
    <ignored/>
  </testcase> <!-- testUpdateRepository -->
  <testcase classname="tests.RepositoryApiTest" name="testGetRepository" time="0.0">
    <ignored/>
  </testcase> <!-- testGetRepository -->
</testsuite> <!-- Surefire test -->
