<?xml version="1.0" encoding="UTF-8"?>
<!-- Generated by org.testng.reporters.JUnitXMLReporter -->
<testsuite ignored="1" hostname="Asifs-Air.lan" failures="0" tests="16" name="Surefire test" time="11.036" errors="0" timestamp="2025-06-25T10:28:01 GST">
  <testcase classname="tests.RepositoryApiTest" name="testGetRepository" time="1.074"/>
  <testcase classname="tests.RepositoryApiTest" name="testUpdateRepository" time="0.543"/>
  <testcase classname="tests.RepositoryApiTest" name="testListRepositoryActivities" time="0.359"/>
  <testcase classname="tests.RepositoryApiTest" name="testCheckDependabotSecurityUpdatesEnabled" time="0.281"/>
  <testcase classname="tests.RepositoryApiTest" name="testListRepositoryContributors" time="0.36"/>
  <testcase classname="tests.RepositoryApiTest" name="testListAllPublicRepositories" time="0.607"/>
  <testcase classname="tests.RepositoryApiTest" name="testListAllPublicRepositoriesWithPagination" time="1.862"/>
  <testcase classname="tests.RepositoryApiTest" name="testListAuthenticatedUserRepositories" time="0.401"/>
  <testcase classname="tests.RepositoryApiTest" name="testCreateRepositoryForAuthenticatedUser" time="1.299"/>
  <testcase classname="tests.RepositoryApiTest" name="testDeleteRepositoryForAuthenticatedUser" time="0.747"/>
  <testcase classname="tests.GetBranchDetailsTest" name="testListBranches" time="0.477"/>
  <testcase classname="tests.GetBranchDetailsTest" name="testGetBranch" time="0.399"/>
  <testcase classname="tests.GetBranchDetailsTest" name="testGetBranch" time="0.395"/>
  <testcase classname="tests.CheckRepoContentTest" name="testGetRepositoryContent" time="0.354"/>
  <testcase classname="tests.CheckRepoContentTest" name="testCreateFileContent" time="0.585"/>
  <testcase classname="tests.CheckRepoContentTest" name="testDeleteFileContent" time="0.908"/>
  <testcase classname="tests.RepositoryApiTest" name="testDeleteRepository" time="0.0">
    <ignored/>
  </testcase> <!-- testDeleteRepository -->
</testsuite> <!-- Surefire test -->
