<?xml version="1.0" encoding="UTF-8"?>
<testsuite xmlns:xsi="http://www.w3.org/2001/XMLSchema-instance" xsi:noNamespaceSchemaLocation="https://maven.apache.org/surefire/maven-surefire-plugin/xsd/surefire-test-report-3.0.xsd" version="3.0" name="tests.RepositoryApiTest" time="1.432" tests="1" errors="0" skipped="0" failures="0">
  <properties>
[...]
</properties>
  <testcase name="testListRepositoryActivities" classname="tests.RepositoryApiTest" time="0.886">
    <system-out><![CDATA[Starting test suite: Surefire test
Starting test: testListRepositoryActivities
[
    {
        "id": "51395317361",
        "type": "PushEvent",
        "actor": {
            "id": 215880545,
            "login": "asifuae1983",
            "display_login": "asifuae1983",
            "gravatar_id": "",
            "url": "https://api.github.com/users/asifuae1983",
            "avatar_url": "https://avatars.githubusercontent.com/u/215880545?"
        },
        "repo": {
            "id": 1007309900,
            "name": "asifuae1983/selenium",
            "url": "https://api.github.com/repos/asifuae1983/selenium"
        },
        "payload": {
            "repository_id": 1007309900,
            "push_id": 25145219809,
            "size": 1,
            "distinct_size": 1,
            "ref": "refs/heads/master",
            "head": "ed393a7d3a98b6b1f959e126131b0942612bb637",
            "before": "47efb2d0bbd513d87a1cad932ea970b19a5029c7",
            "commits": [
                {
                    "sha": "ed393a7d3a98b6b1f959e126131b0942612bb637",
                    "author": {
                        "email": "asifuae1983@gmail.com",
                        "name": "asifuae1983"
                    },
                    "message": "Delete test-file.txt via API",
                    "distinct": true,
                    "url": "https://api.github.com/repos/asifuae1983/selenium/commits/ed393a7d3a98b6b1f959e126131b0942612bb637"
                }
            ]
        },
        "public": true,
        "created_at": "2025-06-26T19:44:41Z"
    },
    {
        "id": "51395316808",
        "type": "PushEvent",
        "actor": {
            "id": 215880545,
            "login": "asifuae1983",
            "display_login": "asifuae1983",
            "gravatar_id": "",
            "url": "https://api.github.com/users/asifuae1983",
            "avatar_url": "https://avatars.githubusercontent.com/u/215880545?"
        },
        "repo": {
            "id": 1007309900,
            "name": "asifuae1983/selenium",
            "url": "https://api.github.com/repos/asifuae1983/selenium"
        },
        "payload": {
            "repository_id": 1007309900,
            "push_id": 25145219516,
            "size": 1,
            "distinct_size": 1,
            "ref": "refs/heads/master",
            "head": "47efb2d0bbd513d87a1cad932ea970b19a5029c7",
            "before": "c968009d0d0ed53bd5232ece92293d580cf14fd0",
            "commits": [
                {
                    "sha": "47efb2d0bbd513d87a1cad932ea970b19a5029c7",
                    "author": {
                        "email": "asifuae1983@gmail.com",
                        "name": "asifuae1983"
                    },
                    "message": "Create test-file.txt via API",
                    "distinct": true,
                    "url": "https://api.github.com/repos/asifuae1983/selenium/commits/47efb2d0bbd513d87a1cad932ea970b19a5029c7"
                }
            ]
        },
        "public": true,
        "created_at": "2025-06-26T19:44:40Z"
    },
    {
        "id": "51387895063",
        "type": "PushEvent",
        "actor": {
            "id": 215880545,
            "login": "asifuae1983",
            "display_login": "asifuae1983",
            "gravatar_id": "",
            "url": "https://api.github.com/users/asifuae1983",
            "avatar_url": "https://avatars.githubusercontent.com/u/215880545?"
        },
        "repo": {
            "id": 1007309900,
            "name": "asifuae1983/selenium",
            "url": "https://api.github.com/repos/asifuae1983/selenium"
        },
        "payload": {
            "repository_id": 1007309900,
            "push_id": 25141605202,
            "size": 1,
            "distinct_size": 1,
            "ref": "refs/heads/master",
            "head": "c968009d0d0ed53bd5232ece92293d580cf14fd0",
            "before": "bee119d6482d070d727fc47128fa29f2c182d3a0",
            "commits": [
                {
                    "sha": "c968009d0d0ed53bd5232ece92293d580cf14fd0",
                    "author": {
                        "email": "asifuae1983@gmail.com",
                        "name": "asifuae1983"
                    },
                    "message": "Delete test-file.txt via API",
                    "distinct": true,
                    "url": "https://api.github.com/repos/asifuae1983/selenium/commits/c968009d0d0ed53bd5232ece92293d580cf14fd0"
                }
            ]
        },
        "public": true,
        "created_at": "2025-06-26T16:24:06Z"
    },
    {
        "id": "51387894353",
        "type": "PushEvent",
        "actor": {
            "id": 215880545,
            "login": "asifuae1983",
            "display_login": "asifuae1983",
            "gravatar_id": "",
            "url": "https://api.github.com/users/asifuae1983",
            "avatar_url": "https://avatars.githubusercontent.com/u/215880545?"
        },
        "repo": {
            "id": 1007309900,
            "name": "asifuae1983/selenium",
            "url": "https://api.github.com/repos/asifuae1983/selenium"
        },
        "payload": {
            "repository_id": 1007309900,
            "push_id": 25141604823,
            "size": 1,
            "distinct_size": 1,
            "ref": "refs/heads/master",
            "head": "bee119d6482d070d727fc47128fa29f2c182d3a0",
            "before": "0b40436702cf75168f2b356046576379d49c640c",
            "commits": [
                {
                    "sha": "bee119d6482d070d727fc47128fa29f2c182d3a0",
                    "author": {
                        "email": "asifuae1983@gmail.com",
                        "name": "asifuae1983"
                    },
                    "message": "Create test-file.txt via API",
                    "distinct": true,
                    "url": "https://api.github.com/repos/asifuae1983/selenium/commits/bee119d6482d070d727fc47128fa29f2c182d3a0"
                }
            ]
        },
        "public": true,
        "created_at": "2025-06-26T16:24:05Z"
    },
    {
        "id": "51387683858",
        "type": "PushEvent",
        "actor": {
            "id": 215880545,
            "login": "asifuae1983",
            "display_login": "asifuae1983",
            "gravatar_id": "",
            "url": "https://api.github.com/users/asifuae1983",
            "avatar_url": "https://avatars.githubusercontent.com/u/215880545?"
        },
        "repo": {
            "id": 1007309900,
            "name": "asifuae1983/selenium",
            "url": "https://api.github.com/repos/asifuae1983/selenium"
        },
        "payload": {
            "repository_id": 1007309900,
            "push_id": 25141499038,
            "size": 1,
            "distinct_size": 1,
            "ref": "refs/heads/master",
            "head": "0b40436702cf75168f2b356046576379d49c640c",
            "before": "64d61004d9795c05516f02c61253c5ba7f1bc309",
            "commits": [
                {
                    "sha": "0b40436702cf75168f2b356046576379d49c640c",
                    "author": {
                        "email": "asifuae1983@gmail.com",
                        "name": "asifuae1983"
                    },
                    "message": "Delete test-file.txt via API",
                    "distinct": true,
                    "url": "https://api.github.com/repos/asifuae1983/selenium/commits/0b40436702cf75168f2b356046576379d49c640c"
                }
            ]
        },
        "public": true,
        "created_at": "2025-06-26T16:18:52Z"
    },
    {
        "id": "51387683172",
        "type": "PushEvent",
        "actor": {
            "id": 215880545,
            "login": "asifuae1983",
            "display_login": "asifuae1983",
            "gravatar_id": "",
            "url": "https://api.github.com/users/asifuae1983",
            "avatar_url": "https://avatars.githubusercontent.com/u/215880545?"
        },
        "repo": {
            "id": 1007309900,
            "name": "asifuae1983/selenium",
            "url": "https://api.github.com/repos/asifuae1983/selenium"
        },
        "payload": {
            "repository_id": 1007309900,
            "push_id": 25141498697,
            "size": 1,
            "distinct_size": 1,
            "ref": "refs/heads/master",
            "head": "64d61004d9795c05516f02c61253c5ba7f1bc309",
            "before": "cb831158cabd4105d32bcaf58c50b1d8843db1ef",
            "commits": [
                {
                    "sha": "64d61004d9795c05516f02c61253c5ba7f1bc309",
                    "author": {
                        "email": "asifuae1983@gmail.com",
                        "name": "asifuae1983"
                    },
                    "message": "Create test-file.txt via API",
                    "distinct": true,
                    "url": "https://api.github.com/repos/asifuae1983/selenium/commits/64d61004d9795c05516f02c61253c5ba7f1bc309"
                }
            ]
        },
        "public": true,
        "created_at": "2025-06-26T16:18:52Z"
    },
    {
        "id": "51387563804",
        "type": "PushEvent",
        "actor": {
            "id": 215880545,
            "login": "asifuae1983",
            "display_login": "asifuae1983",
            "gravatar_id": "",
            "url": "https://api.github.com/users/asifuae1983",
            "avatar_url": "https://avatars.githubusercontent.com/u/215880545?"
        },
        "repo": {
            "id": 1007309900,
            "name": "asifuae1983/selenium",
            "url": "https://api.github.com/repos/asifuae1983/selenium"
        },
        "payload": {
            "repository_id": 1007309900,
            "push_id": 25141438795,
            "size": 1,
            "distinct_size": 1,
            "ref": "refs/heads/master",
            "head": "cb831158cabd4105d32bcaf58c50b1d8843db1ef",
            "before": "3339e5fce432f2ce7224d2abd8a68617767f7868",
            "commits": [
                {
                    "sha": "cb831158cabd4105d32bcaf58c50b1d8843db1ef",
                    "author": {
                        "email": "asifuae1983@gmail.com",
                        "name": "asifuae1983"
                    },
                    "message": "Delete test-file.txt via API",
                    "distinct": true,
                    "url": "https://api.github.com/repos/asifuae1983/selenium/commits/cb831158cabd4105d32bcaf58c50b1d8843db1ef"
                }
            ]
        },
        "public": true,
        "created_at": "2025-06-26T16:15:51Z"
    },
    {
        "id": "51387563287",
        "type": "PushEvent",
        "actor": {
            "id": 215880545,
            "login": "asifuae1983",
            "display_login": "asifuae1983",
            "gravatar_id": "",
            "url": "https://api.github.com/users/asifuae1983",
            "avatar_url": "https://avatars.githubusercontent.com/u/215880545?"
        },
        "repo": {
            "id": 1007309900,
            "name": "asifuae1983/selenium",
            "url": "https://api.github.com/repos/asifuae1983/selenium"
        },
        "payload": {
            "repository_id": 1007309900,
            "push_id": 25141438508,
            "size": 1,
            "distinct_size": 1,
            "ref": "refs/heads/master",
            "head": "3339e5fce432f2ce7224d2abd8a68617767f7868",
            "before": "356be01ac929a7cd1d4d6ffd018c23daf72a4a10",
            "commits": [
                {
                    "sha": "3339e5fce432f2ce7224d2abd8a68617767f7868",
                    "author": {
                        "email": "asifuae1983@gmail.com",
                        "name": "asifuae1983"
                    },
                    "message": "Create test-file.txt via API",
                    "distinct": true,
                    "url": "https://api.github.com/repos/asifuae1983/selenium/commits/3339e5fce432f2ce7224d2abd8a68617767f7868"
                }
            ]
        },
        "public": true,
        "created_at": "2025-06-26T16:15:51Z"
    },
    {
        "id": "51387336586",
        "type": "PushEvent",
        "actor": {
            "id": 215880545,
            "login": "asifuae1983",
            "display_login": "asifuae1983",
            "gravatar_id": "",
            "url": "https://api.github.com/users/asifuae1983",
            "avatar_url": "https://avatars.githubusercontent.com/u/215880545?"
        },
        "repo": {
            "id": 1007309900,
            "name": "asifuae1983/selenium",
            "url": "https://api.github.com/repos/asifuae1983/selenium"
        },
        "payload": {
            "repository_id": 1007309900,
            "push_id": 25141328422,
            "size": 1,
            "distinct_size": 1,
            "ref": "refs/heads/master",
            "head": "356be01ac929a7cd1d4d6ffd018c23daf72a4a10",
            "before": "c49fde53bbb4c4441346a0b11a1e21ce6de77cd4",
            "commits": [
                {
                    "sha": "356be01ac929a7cd1d4d6ffd018c23daf72a4a10",
                    "author": {
                        "email": "asifuae1983@gmail.com",
                        "name": "asifuae1983"
                    },
                    "message": "Delete test-file.txt via API",
                    "distinct": true,
                    "url": "https://api.github.com/repos/asifuae1983/selenium/commits/356be01ac929a7cd1d4d6ffd018c23daf72a4a10"
                }
            ]
        },
        "public": true,
        "created_at": "2025-06-26T16:10:19Z"
    },
    {
        "id": "51387334983",
        "type": "PushEvent",
        "actor": {
            "id": 215880545,
            "login": "asifuae1983",
            "display_login": "asifuae1983",
            "gravatar_id": "",
            "url": "https://api.github.com/users/asifuae1983",
            "avatar_url": "https://avatars.githubusercontent.com/u/215880545?"
        },
        "repo": {
            "id": 1007309900,
            "name": "asifuae1983/selenium",
            "url": "https://api.github.com/repos/asifuae1983/selenium"
        },
        "payload": {
            "repository_id": 1007309900,
            "push_id": 25141327960,
            "size": 1,
            "distinct_size": 1,
            "ref": "refs/heads/master",
            "head": "c49fde53bbb4c4441346a0b11a1e21ce6de77cd4",
            "before": "81b29f872df65081aa91b28567028d55ff1cdfac",
            "commits": [
                {
                    "sha": "c49fde53bbb4c4441346a0b11a1e21ce6de77cd4",
                    "author": {
                        "email": "asifuae1983@gmail.com",
                        "name": "asifuae1983"
                    },
                    "message": "Create test-file.txt via API",
                    "distinct": true,
                    "url": "https://api.github.com/repos/asifuae1983/selenium/commits/c49fde53bbb4c4441346a0b11a1e21ce6de77cd4"
                }
            ]
        },
        "public": true,
        "created_at": "2025-06-26T16:10:17Z"
    },
    {
        "id": "51386311256",
        "type": "PushEvent",
        "actor": {
            "id": 215880545,
            "login": "asifuae1983",
            "display_login": "asifuae1983",
            "gravatar_id": "",
            "url": "https://api.github.com/users/asifuae1983",
            "avatar_url": "https://avatars.githubusercontent.com/u/215880545?"
        },
        "repo": {
            "id": 1007309900,
            "name": "asifuae1983/selenium",
            "url": "https://api.github.com/repos/asifuae1983/selenium"
        },
        "payload": {
            "repository_id": 1007309900,
            "push_id": 25140836675,
            "size": 1,
            "distinct_size": 1,
            "ref": "refs/heads/master",
            "head": "81b29f872df65081aa91b28567028d55ff1cdfac",
            "before": "6b2438c8087be4267204b33d2a86427c02e84cf6",
            "commits": [
                {
                    "sha": "81b29f872df65081aa91b28567028d55ff1cdfac",
                    "author": {
                        "email": "asifuae1983@gmail.com",
                        "name": "asifuae1983"
                    },
                    "message": "Delete test-file.txt via API",
                    "distinct": true,
                    "url": "https://api.github.com/repos/asifuae1983/selenium/commits/81b29f872df65081aa91b28567028d55ff1cdfac"
                }
            ]
        },
        "public": true,
        "created_at": "2025-06-26T15:46:30Z"
    },
    {
        "id": "51386310681",
        "type": "PushEvent",
        "actor": {
            "id": 215880545,
            "login": "asifuae1983",
            "display_login": "asifuae1983",
            "gravatar_id": "",
            "url": "https://api.github.com/users/asifuae1983",
            "avatar_url": "https://avatars.githubusercontent.com/u/215880545?"
        },
        "repo": {
            "id": 1007309900,
            "name": "asifuae1983/selenium",
            "url": "https://api.github.com/repos/asifuae1983/selenium"
        },
        "payload": {
            "repository_id": 1007309900,
            "push_id": 25140836316,
            "size": 1,
            "distinct_size": 1,
            "ref": "refs/heads/master",
            "head": "6b2438c8087be4267204b33d2a86427c02e84cf6",
            "before": "d9d93c0f0f98fae0e70367d935cf5f7a3f7048df",
            "commits": [
                {
                    "sha": "6b2438c8087be4267204b33d2a86427c02e84cf6",
                    "author": {
                        "email": "asifuae1983@gmail.com",
                        "name": "asifuae1983"
                    },
                    "message": "Create test-file.txt via API",
                    "distinct": true,
                    "url": "https://api.github.com/repos/asifuae1983/selenium/commits/6b2438c8087be4267204b33d2a86427c02e84cf6"
                }
            ]
        },
        "public": true,
        "created_at": "2025-06-26T15:46:29Z"
    },
    {
        "id": "51306839097",
        "type": "PushEvent",
        "actor": {
            "id": 215880545,
            "login": "asifuae1983",
            "display_login": "asifuae1983",
            "gravatar_id": "",
            "url": "https://api.github.com/users/asifuae1983",
            "avatar_url": "https://avatars.githubusercontent.com/u/215880545?"
        },
        "repo": {
            "id": 1007309900,
            "name": "asifuae1983/selenium",
            "url": "https://api.github.com/repos/asifuae1983/selenium"
        },
        "payload": {
            "repository_id": 1007309900,
            "push_id": 25102314909,
            "size": 1,
            "distinct_size": 1,
            "ref": "refs/heads/master",
            "head": "30c1e8f05fa8bf708558ac1beae212c40144294c",
            "before": "a6d46b6aaec0cb0a35e25a48b7ec32918d686945",
            "commits": [
                {
                    "sha": "30c1e8f05fa8bf708558ac1beae212c40144294c",
                    "author": {
                        "email": "asifuae1983@gmail.com",
                        "name": "asifuae1983"
                    },
                    "message": "Delete test-file.txt via API",
                    "distinct": true,
                    "url": "https://api.github.com/repos/asifuae1983/selenium/commits/30c1e8f05fa8bf708558ac1beae212c40144294c"
                }
            ]
        },
        "public": true,
        "created_at": "2025-06-25T04:20:55Z"
    },
    {
        "id": "51306838703",
        "type": "PushEvent",
        "actor": {
            "id": 215880545,
            "login": "asifuae1983",
            "display_login": "asifuae1983",
            "gravatar_id": "",
            "url": "https://api.github.com/users/asifuae1983",
            "avatar_url": "https://avatars.githubusercontent.com/u/215880545?"
        },
        "repo": {
            "id": 1007309900,
            "name": "asifuae1983/selenium",
            "url": "https://api.github.com/repos/asifuae1983/selenium"
        },
        "payload": {
            "repository_id": 1007309900,
            "push_id": 25102314688,
            "size": 1,
            "distinct_size": 1,
            "ref": "refs/heads/master",
            "head": "a6d46b6aaec0cb0a35e25a48b7ec32918d686945",
            "before": "f3733c954f25020686c9e93f456a9159a4341379",
            "commits": [
                {
                    "sha": "a6d46b6aaec0cb0a35e25a48b7ec32918d686945",
                    "author": {
                        "email": "asifuae1983@gmail.com",
                        "name": "asifuae1983"
                    },
                    "message": "Create test-file.txt via API",
                    "distinct": true,
                    "url": "https://api.github.com/repos/asifuae1983/selenium/commits/a6d46b6aaec0cb0a35e25a48b7ec32918d686945"
                }
            ]
        },
        "public": true,
        "created_at": "2025-06-25T04:20:54Z"
    },
    {
        "id": "51306791718",
        "type": "PushEvent",
        "actor": {
            "id": 215880545,
            "login": "asifuae1983",
            "display_login": "asifuae1983",
            "gravatar_id": "",
            "url": "https://api.github.com/users/asifuae1983",
            "avatar_url": "https://avatars.githubusercontent.com/u/215880545?"
        },
        "repo": {
            "id": 1007309900,
            "name": "asifuae1983/selenium",
            "url": "https://api.github.com/repos/asifuae1983/selenium"
        },
        "payload": {
            "repository_id": 1007309900,
            "push_id": 25102291374,
            "size": 1,
            "distinct_size": 1,
            "ref": "refs/heads/master",
            "head": "f3733c954f25020686c9e93f456a9159a4341379",
            "before": "c64232e37644055d4da7e5e4900b3a1c23870bcb",
            "commits": [
                {
                    "sha": "f3733c954f25020686c9e93f456a9159a4341379",
                    "author": {
                        "email": "asifuae1983@gmail.com",
                        "name": "asifuae1983"
                    },
                    "message": "Delete test-file.txt via API",
                    "distinct": true,
                    "url": "https://api.github.com/repos/asifuae1983/selenium/commits/f3733c954f25020686c9e93f456a9159a4341379"
                }
            ]
        },
        "public": true,
        "created_at": "2025-06-25T04:18:46Z"
    },
    {
        "id": "51306791184",
        "type": "PushEvent",
        "actor": {
            "id": 215880545,
            "login": "asifuae1983",
            "display_login": "asifuae1983",
            "gravatar_id": "",
            "url": "https://api.github.com/users/asifuae1983",
            "avatar_url": "https://avatars.githubusercontent.com/u/215880545?"
        },
        "repo": {
            "id": 1007309900,
            "name": "asifuae1983/selenium",
            "url": "https://api.github.com/repos/asifuae1983/selenium"
        },
        "payload": {
            "repository_id": 1007309900,
            "push_id": 25102291118,
            "size": 1,
            "distinct_size": 1,
            "ref": "refs/heads/master",
            "head": "c64232e37644055d4da7e5e4900b3a1c23870bcb",
            "before": "d728eb2ceec6d1ffb6d87305bf8805751d734177",
            "commits": [
                {
                    "sha": "c64232e37644055d4da7e5e4900b3a1c23870bcb",
                    "author": {
                        "email": "asifuae1983@gmail.com",
                        "name": "asifuae1983"
                    },
                    "message": "Create test-file.txt via API",
                    "distinct": true,
                    "url": "https://api.github.com/repos/asifuae1983/selenium/commits/c64232e37644055d4da7e5e4900b3a1c23870bcb"
                }
            ]
        },
        "public": true,
        "created_at": "2025-06-25T04:18:45Z"
    },
    {
        "id": "51306668044",
        "type": "PushEvent",
        "actor": {
            "id": 215880545,
            "login": "asifuae1983",
            "display_login": "asifuae1983",
            "gravatar_id": "",
            "url": "https://api.github.com/users/asifuae1983",
            "avatar_url": "https://avatars.githubusercontent.com/u/215880545?"
        },
        "repo": {
            "id": 1007309900,
            "name": "asifuae1983/selenium",
            "url": "https://api.github.com/repos/asifuae1983/selenium"
        },
        "payload": {
            "repository_id": 1007309900,
            "push_id": 25102230877,
            "size": 1,
            "distinct_size": 1,
            "ref": "refs/heads/master",
            "head": "d728eb2ceec6d1ffb6d87305bf8805751d734177",
            "before": "48ee2b64a21e23528f5ef3355b6aa54693c82d0e",
            "commits": [
                {
                    "sha": "d728eb2ceec6d1ffb6d87305bf8805751d734177",
                    "author": {
                        "email": "asifuae1983@gmail.com",
                        "name": "asifuae1983"
                    },
                    "message": "Delete test-file.txt via API",
                    "distinct": true,
                    "url": "https://api.github.com/repos/asifuae1983/selenium/commits/d728eb2ceec6d1ffb6d87305bf8805751d734177"
                }
            ]
        },
        "public": true,
        "created_at": "2025-06-25T04:13:14Z"
    },
    {
        "id": "51306667499",
        "type": "PushEvent",
        "actor": {
            "id": 215880545,
            "login": "asifuae1983",
            "display_login": "asifuae1983",
            "gravatar_id": "",
            "url": "https://api.github.com/users/asifuae1983",
            "avatar_url": "https://avatars.githubusercontent.com/u/215880545?"
        },
        "repo": {
            "id": 1007309900,
            "name": "asifuae1983/selenium",
            "url": "https://api.github.com/repos/asifuae1983/selenium"
        },
        "payload": {
            "repository_id": 1007309900,
            "push_id": 25102230646,
            "size": 1,
            "distinct_size": 1,
            "ref": "refs/heads/master",
            "head": "48ee2b64a21e23528f5ef3355b6aa54693c82d0e",
            "before": "f887473e17bc93003d3b1d9363804516a9517a7d",
            "commits": [
                {
                    "sha": "48ee2b64a21e23528f5ef3355b6aa54693c82d0e",
                    "author": {
                        "email": "asifuae1983@gmail.com",
                        "name": "asifuae1983"
                    },
                    "message": "Create test-file.txt via API",
                    "distinct": true,
                    "url": "https://api.github.com/repos/asifuae1983/selenium/commits/48ee2b64a21e23528f5ef3355b6aa54693c82d0e"
                }
            ]
        },
        "public": true,
        "created_at": "2025-06-25T04:13:13Z"
    },
    {
        "id": "51306361295",
        "type": "PushEvent",
        "actor": {
            "id": 215880545,
            "login": "asifuae1983",
            "display_login": "asifuae1983",
            "gravatar_id": "",
            "url": "https://api.github.com/users/asifuae1983",
            "avatar_url": "https://avatars.githubusercontent.com/u/215880545?"
        },
        "repo": {
            "id": 1007309900,
            "name": "asifuae1983/selenium",
            "url": "https://api.github.com/repos/asifuae1983/selenium"
        },
        "payload": {
            "repository_id": 1007309900,
            "push_id": 25102075479,
            "size": 1,
            "distinct_size": 1,
            "ref": "refs/heads/master",
            "head": "f887473e17bc93003d3b1d9363804516a9517a7d",
            "before": "9439fb1da1d5543bda54a9d5b2481d0981f04cc2",
            "commits": [
                {
                    "sha": "f887473e17bc93003d3b1d9363804516a9517a7d",
                    "author": {
                        "email": "asifuae1983@gmail.com",
                        "name": "asifuae1983"
                    },
                    "message": "Delete test-file.txt via API",
                    "distinct": true,
                    "url": "https://api.github.com/repos/asifuae1983/selenium/commits/f887473e17bc93003d3b1d9363804516a9517a7d"
                }
            ]
        },
        "public": true,
        "created_at": "2025-06-25T04:00:04Z"
    },
    {
        "id": "51306360705",
        "type": "PushEvent",
        "actor": {
            "id": 215880545,
            "login": "asifuae1983",
            "display_login": "asifuae1983",
            "gravatar_id": "",
            "url": "https://api.github.com/users/asifuae1983",
            "avatar_url": "https://avatars.githubusercontent.com/u/215880545?"
        },
        "repo": {
            "id": 1007309900,
            "name": "asifuae1983/selenium",
            "url": "https://api.github.com/repos/asifuae1983/selenium"
        },
        "payload": {
            "repository_id": 1007309900,
            "push_id": 25102075105,
            "size": 1,
            "distinct_size": 1,
            "ref": "refs/heads/master",
            "head": "9439fb1da1d5543bda54a9d5b2481d0981f04cc2",
            "before": "03ad5f5a7fa23586fc48ebe1b14c94a99b6880f9",
            "commits": [
                {
                    "sha": "9439fb1da1d5543bda54a9d5b2481d0981f04cc2",
                    "author": {
                        "email": "asifuae1983@gmail.com",
                        "name": "asifuae1983"
                    },
                    "message": "Create test-file.txt via API",
                    "distinct": true,
                    "url": "https://api.github.com/repos/asifuae1983/selenium/commits/9439fb1da1d5543bda54a9d5b2481d0981f04cc2"
                }
            ]
        },
        "public": true,
        "created_at": "2025-06-25T04:00:02Z"
    },
    {
        "id": "51306337577",
        "type": "PushEvent",
        "actor": {
            "id": 215880545,
            "login": "asifuae1983",
            "display_login": "asifuae1983",
            "gravatar_id": "",
            "url": "https://api.github.com/users/asifuae1983",
            "avatar_url": "https://avatars.githubusercontent.com/u/215880545?"
        },
        "repo": {
            "id": 1007309900,
            "name": "asifuae1983/selenium",
            "url": "https://api.github.com/repos/asifuae1983/selenium"
        },
        "payload": {
            "repository_id": 1007309900,
            "push_id": 25102063778,
            "size": 1,
            "distinct_size": 1,
            "ref": "refs/heads/master",
            "head": "03ad5f5a7fa23586fc48ebe1b14c94a99b6880f9",
            "before": "01fe4547a4d90627e44d02c41ebfbce8271eb129",
            "commits": [
                {
                    "sha": "03ad5f5a7fa23586fc48ebe1b14c94a99b6880f9",
                    "author": {
                        "email": "asifuae1983@gmail.com",
                        "name": "asifuae1983"
                    },
                    "message": "Delete test-file.txt via API",
                    "distinct": true,
                    "url": "https://api.github.com/repos/asifuae1983/selenium/commits/03ad5f5a7fa23586fc48ebe1b14c94a99b6880f9"
                }
            ]
        },
        "public": true,
        "created_at": "2025-06-25T03:58:57Z"
    },
    {
        "id": "51306337433",
        "type": "PushEvent",
        "actor": {
            "id": 215880545,
            "login": "asifuae1983",
            "display_login": "asifuae1983",
            "gravatar_id": "",
            "url": "https://api.github.com/users/asifuae1983",
            "avatar_url": "https://avatars.githubusercontent.com/u/215880545?"
        },
        "repo": {
            "id": 1007309900,
            "name": "asifuae1983/selenium",
            "url": "https://api.github.com/repos/asifuae1983/selenium"
        },
        "payload": {
            "repository_id": 1007309900,
            "push_id": 25102063707,
            "size": 1,
            "distinct_size": 1,
            "ref": "refs/heads/master",
            "head": "01fe4547a4d90627e44d02c41ebfbce8271eb129",
            "before": "9eb325e95d518cefaca04726bd105529006c1fe7",
            "commits": [
                {
                    "sha": "01fe4547a4d90627e44d02c41ebfbce8271eb129",
                    "author": {
                        "email": "asifuae1983@gmail.com",
                        "name": "asifuae1983"
                    },
                    "message": "Create test-file.txt via API",
                    "distinct": true,
                    "url": "https://api.github.com/repos/asifuae1983/selenium/commits/01fe4547a4d90627e44d02c41ebfbce8271eb129"
                }
            ]
        },
        "public": true,
        "created_at": "2025-06-25T03:58:56Z"
    },
    {
        "id": "51306307996",
        "type": "PushEvent",
        "actor": {
            "id": 215880545,
            "login": "asifuae1983",
            "display_login": "asifuae1983",
            "gravatar_id": "",
            "url": "https://api.github.com/users/asifuae1983",
            "avatar_url": "https://avatars.githubusercontent.com/u/215880545?"
        },
        "repo": {
            "id": 1007309900,
            "name": "asifuae1983/selenium",
            "url": "https://api.github.com/repos/asifuae1983/selenium"
        },
        "payload": {
            "repository_id": 1007309900,
            "push_id": 25102049632,
            "size": 1,
            "distinct_size": 1,
            "ref": "refs/heads/master",
            "head": "9eb325e95d518cefaca04726bd105529006c1fe7",
            "before": "883eebf439168980283e8c9f403d76fe8ece7efe",
            "commits": [
                {
                    "sha": "9eb325e95d518cefaca04726bd105529006c1fe7",
                    "author": {
                        "email": "asifuae1983@gmail.com",
                        "name": "asifuae1983"
                    },
                    "message": "Delete test-file.txt via API",
                    "distinct": true,
                    "url": "https://api.github.com/repos/asifuae1983/selenium/commits/9eb325e95d518cefaca04726bd105529006c1fe7"
                }
            ]
        },
        "public": true,
        "created_at": "2025-06-25T03:57:35Z"
    },
    {
        "id": "51306307570",
        "type": "PushEvent",
        "actor": {
            "id": 215880545,
            "login": "asifuae1983",
            "display_login": "asifuae1983",
            "gravatar_id": "",
            "url": "https://api.github.com/users/asifuae1983",
            "avatar_url": "https://avatars.githubusercontent.com/u/215880545?"
        },
        "repo": {
            "id": 1007309900,
            "name": "asifuae1983/selenium",
            "url": "https://api.github.com/repos/asifuae1983/selenium"
        },
        "payload": {
            "repository_id": 1007309900,
            "push_id": 25102049480,
            "size": 1,
            "distinct_size": 1,
            "ref": "refs/heads/master",
            "head": "883eebf439168980283e8c9f403d76fe8ece7efe",
            "before": "b013d9a1377e3cd58ab626038615873ce3b29b5b",
            "commits": [
                {
                    "sha": "883eebf439168980283e8c9f403d76fe8ece7efe",
                    "author": {
                        "email": "asifuae1983@gmail.com",
                        "name": "asifuae1983"
                    },
                    "message": "Create test-file.txt via API",
                    "distinct": true,
                    "url": "https://api.github.com/repos/asifuae1983/selenium/commits/883eebf439168980283e8c9f403d76fe8ece7efe"
                }
            ]
        },
        "public": true,
        "created_at": "2025-06-25T03:57:34Z"
    },
    {
        "id": "51306287741",
        "type": "PushEvent",
        "actor": {
            "id": 215880545,
            "login": "asifuae1983",
            "display_login": "asifuae1983",
            "gravatar_id": "",
            "url": "https://api.github.com/users/asifuae1983",
            "avatar_url": "https://avatars.githubusercontent.com/u/215880545?"
        },
        "repo": {
            "id": 1007309900,
            "name": "asifuae1983/selenium",
            "url": "https://api.github.com/repos/asifuae1983/selenium"
        },
        "payload": {
            "repository_id": 1007309900,
            "push_id": 25102040268,
            "size": 1,
            "distinct_size": 1,
            "ref": "refs/heads/master",
            "head": "b013d9a1377e3cd58ab626038615873ce3b29b5b",
            "before": "28a47125cc965c13bd1819904d8ab527acf43bd2",
            "commits": [
                {
                    "sha": "b013d9a1377e3cd58ab626038615873ce3b29b5b",
                    "author": {
                        "email": "asifuae1983@gmail.com",
                        "name": "asifuae1983"
                    },
                    "message": "Delete test-file.txt via API",
                    "distinct": true,
                    "url": "https://api.github.com/repos/asifuae1983/selenium/commits/b013d9a1377e3cd58ab626038615873ce3b29b5b"
                }
            ]
        },
        "public": true,
        "created_at": "2025-06-25T03:56:40Z"
    },
    {
        "id": "51306287446",
        "type": "PushEvent",
        "actor": {
            "id": 215880545,
            "login": "asifuae1983",
            "display_login": "asifuae1983",
            "gravatar_id": "",
            "url": "https://api.github.com/users/asifuae1983",
            "avatar_url": "https://avatars.githubusercontent.com/u/215880545?"
        },
        "repo": {
            "id": 1007309900,
            "name": "asifuae1983/selenium",
            "url": "https://api.github.com/repos/asifuae1983/selenium"
        },
        "payload": {
            "repository_id": 1007309900,
            "push_id": 25102040087,
            "size": 1,
            "distinct_size": 1,
            "ref": "refs/heads/master",
            "head": "28a47125cc965c13bd1819904d8ab527acf43bd2",
            "before": "d934cbf35847addf754fa884e107d4235ca21b10",
            "commits": [
                {
                    "sha": "28a47125cc965c13bd1819904d8ab527acf43bd2",
                    "author": {
                        "email": "asifuae1983@gmail.com",
                        "name": "asifuae1983"
                    },
                    "message": "Create test-file.txt via API",
                    "distinct": true,
                    "url": "https://api.github.com/repos/asifuae1983/selenium/commits/28a47125cc965c13bd1819904d8ab527acf43bd2"
                }
            ]
        },
        "public": true,
        "created_at": "2025-06-25T03:56:39Z"
    },
    {
        "id": "51306225467",
        "type": "PushEvent",
        "actor": {
            "id": 215880545,
            "login": "asifuae1983",
            "display_login": "asifuae1983",
            "gravatar_id": "",
            "url": "https://api.github.com/users/asifuae1983",
            "avatar_url": "https://avatars.githubusercontent.com/u/215880545?"
        },
        "repo": {
            "id": 1007309900,
            "name": "asifuae1983/selenium",
            "url": "https://api.github.com/repos/asifuae1983/selenium"
        },
        "payload": {
            "repository_id": 1007309900,
            "push_id": 25102010834,
            "size": 1,
            "distinct_size": 1,
            "ref": "refs/heads/master",
            "head": "d934cbf35847addf754fa884e107d4235ca21b10",
            "before": "285035ccdbf853b677204ba1b61032a60e3fdbfc",
            "commits": [
                {
                    "sha": "d934cbf35847addf754fa884e107d4235ca21b10",
                    "author": {
                        "email": "asifuae1983@gmail.com",
                        "name": "asifuae1983"
                    },
                    "message": "Delete test-file.txt via API",
                    "distinct": true,
                    "url": "https://api.github.com/repos/asifuae1983/selenium/commits/d934cbf35847addf754fa884e107d4235ca21b10"
                }
            ]
        },
        "public": true,
        "created_at": "2025-06-25T03:53:49Z"
    },
    {
        "id": "51306225266",
        "type": "PushEvent",
        "actor": {
            "id": 215880545,
            "login": "asifuae1983",
            "display_login": "asifuae1983",
            "gravatar_id": "",
            "url": "https://api.github.com/users/asifuae1983",
            "avatar_url": "https://avatars.githubusercontent.com/u/215880545?"
        },
        "repo": {
            "id": 1007309900,
            "name": "asifuae1983/selenium",
            "url": "https://api.github.com/repos/asifuae1983/selenium"
        },
        "payload": {
            "repository_id": 1007309900,
            "push_id": 25102010651,
            "size": 1,
            "distinct_size": 1,
            "ref": "refs/heads/master",
            "head": "285035ccdbf853b677204ba1b61032a60e3fdbfc",
            "before": "7402dbc0b11ab26aaa65b016d3c0ce476e280d49",
            "commits": [
                {
                    "sha": "285035ccdbf853b677204ba1b61032a60e3fdbfc",
                    "author": {
                        "email": "asifuae1983@gmail.com",
                        "name": "asifuae1983"
                    },
                    "message": "Create test-file.txt via API",
                    "distinct": true,
                    "url": "https://api.github.com/repos/asifuae1983/selenium/commits/285035ccdbf853b677204ba1b61032a60e3fdbfc"
                }
            ]
        },
        "public": true,
        "created_at": "2025-06-25T03:53:48Z"
    },
    {
        "id": "51306197195",
        "type": "CreateEvent",
        "actor": {
            "id": 215880545,
            "login": "asifuae1983",
            "display_login": "asifuae1983",
            "gravatar_id": "",
            "url": "https://api.github.com/users/asifuae1983",
            "avatar_url": "https://avatars.githubusercontent.com/u/215880545?"
        },
        "repo": {
            "id": 1007309900,
            "name": "asifuae1983/selenium",
            "url": "https://api.github.com/repos/asifuae1983/selenium"
        },
        "payload": {
            "ref": "develop",
            "ref_type": "branch",
            "master_branch": "master",
            "description": "Updated description",
            "pusher_type": "user"
        },
        "public": true,
        "created_at": "2025-06-25T03:52:33Z"
    },
    {
        "id": "51305810993",
        "type": "PushEvent",
        "actor": {
            "id": 215880545,
            "login": "asifuae1983",
            "display_login": "asifuae1983",
            "gravatar_id": "",
            "url": "https://api.github.com/users/asifuae1983",
            "avatar_url": "https://avatars.githubusercontent.com/u/215880545?"
        },
        "repo": {
            "id": 1007309900,
            "name": "asifuae1983/selenium",
            "url": "https://api.github.com/repos/asifuae1983/selenium"
        },
        "payload": {
            "repository_id": 1007309900,
            "push_id": 25101803716,
            "size": 1,
            "distinct_size": 1,
            "ref": "refs/heads/master",
            "head": "7402dbc0b11ab26aaa65b016d3c0ce476e280d49",
            "before": "4e87d7bbd1295d9bc8749ec9f17f64c0ccec52dc",
            "commits": [
                {
                    "sha": "7402dbc0b11ab26aaa65b016d3c0ce476e280d49",
                    "author": {
                        "email": "asifuae1983@gmail.com",
                        "name": "asifuae1983"
                    },
                    "message": "Delete test-file.txt via API",
                    "distinct": true,
                    "url": "https://api.github.com/repos/asifuae1983/selenium/commits/7402dbc0b11ab26aaa65b016d3c0ce476e280d49"
                }
            ]
        },
        "public": true,
        "created_at": "2025-06-25T03:34:34Z"
    }
]
[
    {
        "id": "51395317361",
        "type": "PushEvent",
        "actor": {
            "id": 215880545,
            "login": "asifuae1983",
            "display_login": "asifuae1983",
            "gravatar_id": "",
            "url": "https://api.github.com/users/asifuae1983",
            "avatar_url": "https://avatars.githubusercontent.com/u/215880545?"
        },
        "repo": {
            "id": 1007309900,
            "name": "asifuae1983/selenium",
            "url": "https://api.github.com/repos/asifuae1983/selenium"
        },
        "payload": {
            "repository_id": 1007309900,
            "push_id": 25145219809,
            "size": 1,
            "distinct_size": 1,
            "ref": "refs/heads/master",
            "head": "ed393a7d3a98b6b1f959e126131b0942612bb637",
            "before": "47efb2d0bbd513d87a1cad932ea970b19a5029c7",
            "commits": [
                {
                    "sha": "ed393a7d3a98b6b1f959e126131b0942612bb637",
                    "author": {
                        "email": "asifuae1983@gmail.com",
                        "name": "asifuae1983"
                    },
                    "message": "Delete test-file.txt via API",
                    "distinct": true,
                    "url": "https://api.github.com/repos/asifuae1983/selenium/commits/ed393a7d3a98b6b1f959e126131b0942612bb637"
                }
            ]
        },
        "public": true,
        "created_at": "2025-06-26T19:44:41Z"
    },
    {
        "id": "51395316808",
        "type": "PushEvent",
        "actor": {
            "id": 215880545,
            "login": "asifuae1983",
            "display_login": "asifuae1983",
            "gravatar_id": "",
            "url": "https://api.github.com/users/asifuae1983",
            "avatar_url": "https://avatars.githubusercontent.com/u/215880545?"
        },
        "repo": {
            "id": 1007309900,
            "name": "asifuae1983/selenium",
            "url": "https://api.github.com/repos/asifuae1983/selenium"
        },
        "payload": {
            "repository_id": 1007309900,
            "push_id": 25145219516,
            "size": 1,
            "distinct_size": 1,
            "ref": "refs/heads/master",
            "head": "47efb2d0bbd513d87a1cad932ea970b19a5029c7",
            "before": "c968009d0d0ed53bd5232ece92293d580cf14fd0",
            "commits": [
                {
                    "sha": "47efb2d0bbd513d87a1cad932ea970b19a5029c7",
                    "author": {
                        "email": "asifuae1983@gmail.com",
                        "name": "asifuae1983"
                    },
                    "message": "Create test-file.txt via API",
                    "distinct": true,
                    "url": "https://api.github.com/repos/asifuae1983/selenium/commits/47efb2d0bbd513d87a1cad932ea970b19a5029c7"
                }
            ]
        },
        "public": true,
        "created_at": "2025-06-26T19:44:40Z"
    },
    {
        "id": "51387895063",
        "type": "PushEvent",
        "actor": {
            "id": 215880545,
            "login": "asifuae1983",
            "display_login": "asifuae1983",
            "gravatar_id": "",
            "url": "https://api.github.com/users/asifuae1983",
            "avatar_url": "https://avatars.githubusercontent.com/u/215880545?"
        },
        "repo": {
            "id": 1007309900,
            "name": "asifuae1983/selenium",
            "url": "https://api.github.com/repos/asifuae1983/selenium"
        },
        "payload": {
            "repository_id": 1007309900,
            "push_id": 25141605202,
            "size": 1,
            "distinct_size": 1,
            "ref": "refs/heads/master",
            "head": "c968009d0d0ed53bd5232ece92293d580cf14fd0",
            "before": "bee119d6482d070d727fc47128fa29f2c182d3a0",
            "commits": [
                {
                    "sha": "c968009d0d0ed53bd5232ece92293d580cf14fd0",
                    "author": {
                        "email": "asifuae1983@gmail.com",
                        "name": "asifuae1983"
                    },
                    "message": "Delete test-file.txt via API",
                    "distinct": true,
                    "url": "https://api.github.com/repos/asifuae1983/selenium/commits/c968009d0d0ed53bd5232ece92293d580cf14fd0"
                }
            ]
        },
        "public": true,
        "created_at": "2025-06-26T16:24:06Z"
    },
    {
        "id": "51387894353",
        "type": "PushEvent",
        "actor": {
            "id": 215880545,
            "login": "asifuae1983",
            "display_login": "asifuae1983",
            "gravatar_id": "",
            "url": "https://api.github.com/users/asifuae1983",
            "avatar_url": "https://avatars.githubusercontent.com/u/215880545?"
        },
        "repo": {
            "id": 1007309900,
            "name": "asifuae1983/selenium",
            "url": "https://api.github.com/repos/asifuae1983/selenium"
        },
        "payload": {
            "repository_id": 1007309900,
            "push_id": 25141604823,
            "size": 1,
            "distinct_size": 1,
            "ref": "refs/heads/master",
            "head": "bee119d6482d070d727fc47128fa29f2c182d3a0",
            "before": "0b40436702cf75168f2b356046576379d49c640c",
            "commits": [
                {
                    "sha": "bee119d6482d070d727fc47128fa29f2c182d3a0",
                    "author": {
                        "email": "asifuae1983@gmail.com",
                        "name": "asifuae1983"
                    },
                    "message": "Create test-file.txt via API",
                    "distinct": true,
                    "url": "https://api.github.com/repos/asifuae1983/selenium/commits/bee119d6482d070d727fc47128fa29f2c182d3a0"
                }
            ]
        },
        "public": true,
        "created_at": "2025-06-26T16:24:05Z"
    },
    {
        "id": "51387683858",
        "type": "PushEvent",
        "actor": {
            "id": 215880545,
            "login": "asifuae1983",
            "display_login": "asifuae1983",
            "gravatar_id": "",
            "url": "https://api.github.com/users/asifuae1983",
            "avatar_url": "https://avatars.githubusercontent.com/u/215880545?"
        },
        "repo": {
            "id": 1007309900,
            "name": "asifuae1983/selenium",
            "url": "https://api.github.com/repos/asifuae1983/selenium"
        },
        "payload": {
            "repository_id": 1007309900,
            "push_id": 25141499038,
            "size": 1,
            "distinct_size": 1,
            "ref": "refs/heads/master",
            "head": "0b40436702cf75168f2b356046576379d49c640c",
            "before": "64d61004d9795c05516f02c61253c5ba7f1bc309",
            "commits": [
                {
                    "sha": "0b40436702cf75168f2b356046576379d49c640c",
                    "author": {
                        "email": "asifuae1983@gmail.com",
                        "name": "asifuae1983"
                    },
                    "message": "Delete test-file.txt via API",
                    "distinct": true,
                    "url": "https://api.github.com/repos/asifuae1983/selenium/commits/0b40436702cf75168f2b356046576379d49c640c"
                }
            ]
        },
        "public": true,
        "created_at": "2025-06-26T16:18:52Z"
    },
    {
        "id": "51387683172",
        "type": "PushEvent",
        "actor": {
            "id": 215880545,
            "login": "asifuae1983",
            "display_login": "asifuae1983",
            "gravatar_id": "",
            "url": "https://api.github.com/users/asifuae1983",
            "avatar_url": "https://avatars.githubusercontent.com/u/215880545?"
        },
        "repo": {
            "id": 1007309900,
            "name": "asifuae1983/selenium",
            "url": "https://api.github.com/repos/asifuae1983/selenium"
        },
        "payload": {
            "repository_id": 1007309900,
            "push_id": 25141498697,
            "size": 1,
            "distinct_size": 1,
            "ref": "refs/heads/master",
            "head": "64d61004d9795c05516f02c61253c5ba7f1bc309",
            "before": "cb831158cabd4105d32bcaf58c50b1d8843db1ef",
            "commits": [
                {
                    "sha": "64d61004d9795c05516f02c61253c5ba7f1bc309",
                    "author": {
                        "email": "asifuae1983@gmail.com",
                        "name": "asifuae1983"
                    },
                    "message": "Create test-file.txt via API",
                    "distinct": true,
                    "url": "https://api.github.com/repos/asifuae1983/selenium/commits/64d61004d9795c05516f02c61253c5ba7f1bc309"
                }
            ]
        },
        "public": true,
        "created_at": "2025-06-26T16:18:52Z"
    },
    {
        "id": "51387563804",
        "type": "PushEvent",
        "actor": {
            "id": 215880545,
            "login": "asifuae1983",
            "display_login": "asifuae1983",
            "gravatar_id": "",
            "url": "https://api.github.com/users/asifuae1983",
            "avatar_url": "https://avatars.githubusercontent.com/u/215880545?"
        },
        "repo": {
            "id": 1007309900,
            "name": "asifuae1983/selenium",
            "url": "https://api.github.com/repos/asifuae1983/selenium"
        },
        "payload": {
            "repository_id": 1007309900,
            "push_id": 25141438795,
            "size": 1,
            "distinct_size": 1,
            "ref": "refs/heads/master",
            "head": "cb831158cabd4105d32bcaf58c50b1d8843db1ef",
            "before": "3339e5fce432f2ce7224d2abd8a68617767f7868",
            "commits": [
                {
                    "sha": "cb831158cabd4105d32bcaf58c50b1d8843db1ef",
                    "author": {
                        "email": "asifuae1983@gmail.com",
                        "name": "asifuae1983"
                    },
                    "message": "Delete test-file.txt via API",
                    "distinct": true,
                    "url": "https://api.github.com/repos/asifuae1983/selenium/commits/cb831158cabd4105d32bcaf58c50b1d8843db1ef"
                }
            ]
        },
        "public": true,
        "created_at": "2025-06-26T16:15:51Z"
    },
    {
        "id": "51387563287",
        "type": "PushEvent",
        "actor": {
            "id": 215880545,
            "login": "asifuae1983",
            "display_login": "asifuae1983",
            "gravatar_id": "",
            "url": "https://api.github.com/users/asifuae1983",
            "avatar_url": "https://avatars.githubusercontent.com/u/215880545?"
        },
        "repo": {
            "id": 1007309900,
            "name": "asifuae1983/selenium",
            "url": "https://api.github.com/repos/asifuae1983/selenium"
        },
        "payload": {
            "repository_id": 1007309900,
            "push_id": 25141438508,
            "size": 1,
            "distinct_size": 1,
            "ref": "refs/heads/master",
            "head": "3339e5fce432f2ce7224d2abd8a68617767f7868",
            "before": "356be01ac929a7cd1d4d6ffd018c23daf72a4a10",
            "commits": [
                {
                    "sha": "3339e5fce432f2ce7224d2abd8a68617767f7868",
                    "author": {
                        "email": "asifuae1983@gmail.com",
                        "name": "asifuae1983"
                    },
                    "message": "Create test-file.txt via API",
                    "distinct": true,
                    "url": "https://api.github.com/repos/asifuae1983/selenium/commits/3339e5fce432f2ce7224d2abd8a68617767f7868"
                }
            ]
        },
        "public": true,
        "created_at": "2025-06-26T16:15:51Z"
    },
    {
        "id": "51387336586",
        "type": "PushEvent",
        "actor": {
            "id": 215880545,
            "login": "asifuae1983",
            "display_login": "asifuae1983",
            "gravatar_id": "",
            "url": "https://api.github.com/users/asifuae1983",
            "avatar_url": "https://avatars.githubusercontent.com/u/215880545?"
        },
        "repo": {
            "id": 1007309900,
            "name": "asifuae1983/selenium",
            "url": "https://api.github.com/repos/asifuae1983/selenium"
        },
        "payload": {
            "repository_id": 1007309900,
            "push_id": 25141328422,
            "size": 1,
            "distinct_size": 1,
            "ref": "refs/heads/master",
            "head": "356be01ac929a7cd1d4d6ffd018c23daf72a4a10",
            "before": "c49fde53bbb4c4441346a0b11a1e21ce6de77cd4",
            "commits": [
                {
                    "sha": "356be01ac929a7cd1d4d6ffd018c23daf72a4a10",
                    "author": {
                        "email": "asifuae1983@gmail.com",
                        "name": "asifuae1983"
                    },
                    "message": "Delete test-file.txt via API",
                    "distinct": true,
                    "url": "https://api.github.com/repos/asifuae1983/selenium/commits/356be01ac929a7cd1d4d6ffd018c23daf72a4a10"
                }
            ]
        },
        "public": true,
        "created_at": "2025-06-26T16:10:19Z"
    },
    {
        "id": "51387334983",
        "type": "PushEvent",
        "actor": {
            "id": 215880545,
            "login": "asifuae1983",
            "display_login": "asifuae1983",
            "gravatar_id": "",
            "url": "https://api.github.com/users/asifuae1983",
            "avatar_url": "https://avatars.githubusercontent.com/u/215880545?"
        },
        "repo": {
            "id": 1007309900,
            "name": "asifuae1983/selenium",
            "url": "https://api.github.com/repos/asifuae1983/selenium"
        },
        "payload": {
            "repository_id": 1007309900,
            "push_id": 25141327960,
            "size": 1,
            "distinct_size": 1,
            "ref": "refs/heads/master",
            "head": "c49fde53bbb4c4441346a0b11a1e21ce6de77cd4",
            "before": "81b29f872df65081aa91b28567028d55ff1cdfac",
            "commits": [
                {
                    "sha": "c49fde53bbb4c4441346a0b11a1e21ce6de77cd4",
                    "author": {
                        "email": "asifuae1983@gmail.com",
                        "name": "asifuae1983"
                    },
                    "message": "Create test-file.txt via API",
                    "distinct": true,
                    "url": "https://api.github.com/repos/asifuae1983/selenium/commits/c49fde53bbb4c4441346a0b11a1e21ce6de77cd4"
                }
            ]
        },
        "public": true,
        "created_at": "2025-06-26T16:10:17Z"
    },
    {
        "id": "51386311256",
        "type": "PushEvent",
        "actor": {
            "id": 215880545,
            "login": "asifuae1983",
            "display_login": "asifuae1983",
            "gravatar_id": "",
            "url": "https://api.github.com/users/asifuae1983",
            "avatar_url": "https://avatars.githubusercontent.com/u/215880545?"
        },
        "repo": {
            "id": 1007309900,
            "name": "asifuae1983/selenium",
            "url": "https://api.github.com/repos/asifuae1983/selenium"
        },
        "payload": {
            "repository_id": 1007309900,
            "push_id": 25140836675,
            "size": 1,
            "distinct_size": 1,
            "ref": "refs/heads/master",
            "head": "81b29f872df65081aa91b28567028d55ff1cdfac",
            "before": "6b2438c8087be4267204b33d2a86427c02e84cf6",
            "commits": [
                {
                    "sha": "81b29f872df65081aa91b28567028d55ff1cdfac",
                    "author": {
                        "email": "asifuae1983@gmail.com",
                        "name": "asifuae1983"
                    },
                    "message": "Delete test-file.txt via API",
                    "distinct": true,
                    "url": "https://api.github.com/repos/asifuae1983/selenium/commits/81b29f872df65081aa91b28567028d55ff1cdfac"
                }
            ]
        },
        "public": true,
        "created_at": "2025-06-26T15:46:30Z"
    },
    {
        "id": "51386310681",
        "type": "PushEvent",
        "actor": {
            "id": 215880545,
            "login": "asifuae1983",
            "display_login": "asifuae1983",
            "gravatar_id": "",
            "url": "https://api.github.com/users/asifuae1983",
            "avatar_url": "https://avatars.githubusercontent.com/u/215880545?"
        },
        "repo": {
            "id": 1007309900,
            "name": "asifuae1983/selenium",
            "url": "https://api.github.com/repos/asifuae1983/selenium"
        },
        "payload": {
            "repository_id": 1007309900,
            "push_id": 25140836316,
            "size": 1,
            "distinct_size": 1,
            "ref": "refs/heads/master",
            "head": "6b2438c8087be4267204b33d2a86427c02e84cf6",
            "before": "d9d93c0f0f98fae0e70367d935cf5f7a3f7048df",
            "commits": [
                {
                    "sha": "6b2438c8087be4267204b33d2a86427c02e84cf6",
                    "author": {
                        "email": "asifuae1983@gmail.com",
                        "name": "asifuae1983"
                    },
                    "message": "Create test-file.txt via API",
                    "distinct": true,
                    "url": "https://api.github.com/repos/asifuae1983/selenium/commits/6b2438c8087be4267204b33d2a86427c02e84cf6"
                }
            ]
        },
        "public": true,
        "created_at": "2025-06-26T15:46:29Z"
    },
    {
        "id": "51306839097",
        "type": "PushEvent",
        "actor": {
            "id": 215880545,
            "login": "asifuae1983",
            "display_login": "asifuae1983",
            "gravatar_id": "",
            "url": "https://api.github.com/users/asifuae1983",
            "avatar_url": "https://avatars.githubusercontent.com/u/215880545?"
        },
        "repo": {
            "id": 1007309900,
            "name": "asifuae1983/selenium",
            "url": "https://api.github.com/repos/asifuae1983/selenium"
        },
        "payload": {
            "repository_id": 1007309900,
            "push_id": 25102314909,
            "size": 1,
            "distinct_size": 1,
            "ref": "refs/heads/master",
            "head": "30c1e8f05fa8bf708558ac1beae212c40144294c",
            "before": "a6d46b6aaec0cb0a35e25a48b7ec32918d686945",
            "commits": [
                {
                    "sha": "30c1e8f05fa8bf708558ac1beae212c40144294c",
                    "author": {
                        "email": "asifuae1983@gmail.com",
                        "name": "asifuae1983"
                    },
                    "message": "Delete test-file.txt via API",
                    "distinct": true,
                    "url": "https://api.github.com/repos/asifuae1983/selenium/commits/30c1e8f05fa8bf708558ac1beae212c40144294c"
                }
            ]
        },
        "public": true,
        "created_at": "2025-06-25T04:20:55Z"
    },
    {
        "id": "51306838703",
        "type": "PushEvent",
        "actor": {
            "id": 215880545,
            "login": "asifuae1983",
            "display_login": "asifuae1983",
            "gravatar_id": "",
            "url": "https://api.github.com/users/asifuae1983",
            "avatar_url": "https://avatars.githubusercontent.com/u/215880545?"
        },
        "repo": {
            "id": 1007309900,
            "name": "asifuae1983/selenium",
            "url": "https://api.github.com/repos/asifuae1983/selenium"
        },
        "payload": {
            "repository_id": 1007309900,
            "push_id": 25102314688,
            "size": 1,
            "distinct_size": 1,
            "ref": "refs/heads/master",
            "head": "a6d46b6aaec0cb0a35e25a48b7ec32918d686945",
            "before": "f3733c954f25020686c9e93f456a9159a4341379",
            "commits": [
                {
                    "sha": "a6d46b6aaec0cb0a35e25a48b7ec32918d686945",
                    "author": {
                        "email": "asifuae1983@gmail.com",
                        "name": "asifuae1983"
                    },
                    "message": "Create test-file.txt via API",
                    "distinct": true,
                    "url": "https://api.github.com/repos/asifuae1983/selenium/commits/a6d46b6aaec0cb0a35e25a48b7ec32918d686945"
                }
            ]
        },
        "public": true,
        "created_at": "2025-06-25T04:20:54Z"
    },
    {
        "id": "51306791718",
        "type": "PushEvent",
        "actor": {
            "id": 215880545,
            "login": "asifuae1983",
            "display_login": "asifuae1983",
            "gravatar_id": "",
            "url": "https://api.github.com/users/asifuae1983",
            "avatar_url": "https://avatars.githubusercontent.com/u/215880545?"
        },
        "repo": {
            "id": 1007309900,
            "name": "asifuae1983/selenium",
            "url": "https://api.github.com/repos/asifuae1983/selenium"
        },
        "payload": {
            "repository_id": 1007309900,
            "push_id": 25102291374,
            "size": 1,
            "distinct_size": 1,
            "ref": "refs/heads/master",
            "head": "f3733c954f25020686c9e93f456a9159a4341379",
            "before": "c64232e37644055d4da7e5e4900b3a1c23870bcb",
            "commits": [
                {
                    "sha": "f3733c954f25020686c9e93f456a9159a4341379",
                    "author": {
                        "email": "asifuae1983@gmail.com",
                        "name": "asifuae1983"
                    },
                    "message": "Delete test-file.txt via API",
                    "distinct": true,
                    "url": "https://api.github.com/repos/asifuae1983/selenium/commits/f3733c954f25020686c9e93f456a9159a4341379"
                }
            ]
        },
        "public": true,
        "created_at": "2025-06-25T04:18:46Z"
    },
    {
        "id": "51306791184",
        "type": "PushEvent",
        "actor": {
            "id": 215880545,
            "login": "asifuae1983",
            "display_login": "asifuae1983",
            "gravatar_id": "",
            "url": "https://api.github.com/users/asifuae1983",
            "avatar_url": "https://avatars.githubusercontent.com/u/215880545?"
        },
        "repo": {
            "id": 1007309900,
            "name": "asifuae1983/selenium",
            "url": "https://api.github.com/repos/asifuae1983/selenium"
        },
        "payload": {
            "repository_id": 1007309900,
            "push_id": 25102291118,
            "size": 1,
            "distinct_size": 1,
            "ref": "refs/heads/master",
            "head": "c64232e37644055d4da7e5e4900b3a1c23870bcb",
            "before": "d728eb2ceec6d1ffb6d87305bf8805751d734177",
            "commits": [
                {
                    "sha": "c64232e37644055d4da7e5e4900b3a1c23870bcb",
                    "author": {
                        "email": "asifuae1983@gmail.com",
                        "name": "asifuae1983"
                    },
                    "message": "Create test-file.txt via API",
                    "distinct": true,
                    "url": "https://api.github.com/repos/asifuae1983/selenium/commits/c64232e37644055d4da7e5e4900b3a1c23870bcb"
                }
            ]
        },
        "public": true,
        "created_at": "2025-06-25T04:18:45Z"
    },
    {
        "id": "51306668044",
        "type": "PushEvent",
        "actor": {
            "id": 215880545,
            "login": "asifuae1983",
            "display_login": "asifuae1983",
            "gravatar_id": "",
            "url": "https://api.github.com/users/asifuae1983",
            "avatar_url": "https://avatars.githubusercontent.com/u/215880545?"
        },
        "repo": {
            "id": 1007309900,
            "name": "asifuae1983/selenium",
            "url": "https://api.github.com/repos/asifuae1983/selenium"
        },
        "payload": {
            "repository_id": 1007309900,
            "push_id": 25102230877,
            "size": 1,
            "distinct_size": 1,
            "ref": "refs/heads/master",
            "head": "d728eb2ceec6d1ffb6d87305bf8805751d734177",
            "before": "48ee2b64a21e23528f5ef3355b6aa54693c82d0e",
            "commits": [
                {
                    "sha": "d728eb2ceec6d1ffb6d87305bf8805751d734177",
                    "author": {
                        "email": "asifuae1983@gmail.com",
                        "name": "asifuae1983"
                    },
                    "message": "Delete test-file.txt via API",
                    "distinct": true,
                    "url": "https://api.github.com/repos/asifuae1983/selenium/commits/d728eb2ceec6d1ffb6d87305bf8805751d734177"
                }
            ]
        },
        "public": true,
        "created_at": "2025-06-25T04:13:14Z"
    },
    {
        "id": "51306667499",
        "type": "PushEvent",
        "actor": {
            "id": 215880545,
            "login": "asifuae1983",
            "display_login": "asifuae1983",
            "gravatar_id": "",
            "url": "https://api.github.com/users/asifuae1983",
            "avatar_url": "https://avatars.githubusercontent.com/u/215880545?"
        },
        "repo": {
            "id": 1007309900,
            "name": "asifuae1983/selenium",
            "url": "https://api.github.com/repos/asifuae1983/selenium"
        },
        "payload": {
            "repository_id": 1007309900,
            "push_id": 25102230646,
            "size": 1,
            "distinct_size": 1,
            "ref": "refs/heads/master",
            "head": "48ee2b64a21e23528f5ef3355b6aa54693c82d0e",
            "before": "f887473e17bc93003d3b1d9363804516a9517a7d",
            "commits": [
                {
                    "sha": "48ee2b64a21e23528f5ef3355b6aa54693c82d0e",
                    "author": {
                        "email": "asifuae1983@gmail.com",
                        "name": "asifuae1983"
                    },
                    "message": "Create test-file.txt via API",
                    "distinct": true,
                    "url": "https://api.github.com/repos/asifuae1983/selenium/commits/48ee2b64a21e23528f5ef3355b6aa54693c82d0e"
                }
            ]
        },
        "public": true,
        "created_at": "2025-06-25T04:13:13Z"
    },
    {
        "id": "51306361295",
        "type": "PushEvent",
        "actor": {
            "id": 215880545,
            "login": "asifuae1983",
            "display_login": "asifuae1983",
            "gravatar_id": "",
            "url": "https://api.github.com/users/asifuae1983",
            "avatar_url": "https://avatars.githubusercontent.com/u/215880545?"
        },
        "repo": {
            "id": 1007309900,
            "name": "asifuae1983/selenium",
            "url": "https://api.github.com/repos/asifuae1983/selenium"
        },
        "payload": {
            "repository_id": 1007309900,
            "push_id": 25102075479,
            "size": 1,
            "distinct_size": 1,
            "ref": "refs/heads/master",
            "head": "f887473e17bc93003d3b1d9363804516a9517a7d",
            "before": "9439fb1da1d5543bda54a9d5b2481d0981f04cc2",
            "commits": [
                {
                    "sha": "f887473e17bc93003d3b1d9363804516a9517a7d",
                    "author": {
                        "email": "asifuae1983@gmail.com",
                        "name": "asifuae1983"
                    },
                    "message": "Delete test-file.txt via API",
                    "distinct": true,
                    "url": "https://api.github.com/repos/asifuae1983/selenium/commits/f887473e17bc93003d3b1d9363804516a9517a7d"
                }
            ]
        },
        "public": true,
        "created_at": "2025-06-25T04:00:04Z"
    },
    {
        "id": "51306360705",
        "type": "PushEvent",
        "actor": {
            "id": 215880545,
            "login": "asifuae1983",
            "display_login": "asifuae1983",
            "gravatar_id": "",
            "url": "https://api.github.com/users/asifuae1983",
            "avatar_url": "https://avatars.githubusercontent.com/u/215880545?"
        },
        "repo": {
            "id": 1007309900,
            "name": "asifuae1983/selenium",
            "url": "https://api.github.com/repos/asifuae1983/selenium"
        },
        "payload": {
            "repository_id": 1007309900,
            "push_id": 25102075105,
            "size": 1,
            "distinct_size": 1,
            "ref": "refs/heads/master",
            "head": "9439fb1da1d5543bda54a9d5b2481d0981f04cc2",
            "before": "03ad5f5a7fa23586fc48ebe1b14c94a99b6880f9",
            "commits": [
                {
                    "sha": "9439fb1da1d5543bda54a9d5b2481d0981f04cc2",
                    "author": {
                        "email": "asifuae1983@gmail.com",
                        "name": "asifuae1983"
                    },
                    "message": "Create test-file.txt via API",
                    "distinct": true,
                    "url": "https://api.github.com/repos/asifuae1983/selenium/commits/9439fb1da1d5543bda54a9d5b2481d0981f04cc2"
                }
            ]
        },
        "public": true,
        "created_at": "2025-06-25T04:00:02Z"
    },
    {
        "id": "51306337577",
        "type": "PushEvent",
        "actor": {
            "id": 215880545,
            "login": "asifuae1983",
            "display_login": "asifuae1983",
            "gravatar_id": "",
            "url": "https://api.github.com/users/asifuae1983",
            "avatar_url": "https://avatars.githubusercontent.com/u/215880545?"
        },
        "repo": {
            "id": 1007309900,
            "name": "asifuae1983/selenium",
            "url": "https://api.github.com/repos/asifuae1983/selenium"
        },
        "payload": {
            "repository_id": 1007309900,
            "push_id": 25102063778,
            "size": 1,
            "distinct_size": 1,
            "ref": "refs/heads/master",
            "head": "03ad5f5a7fa23586fc48ebe1b14c94a99b6880f9",
            "before": "01fe4547a4d90627e44d02c41ebfbce8271eb129",
            "commits": [
                {
                    "sha": "03ad5f5a7fa23586fc48ebe1b14c94a99b6880f9",
                    "author": {
                        "email": "asifuae1983@gmail.com",
                        "name": "asifuae1983"
                    },
                    "message": "Delete test-file.txt via API",
                    "distinct": true,
                    "url": "https://api.github.com/repos/asifuae1983/selenium/commits/03ad5f5a7fa23586fc48ebe1b14c94a99b6880f9"
                }
            ]
        },
        "public": true,
        "created_at": "2025-06-25T03:58:57Z"
    },
    {
        "id": "51306337433",
        "type": "PushEvent",
        "actor": {
            "id": 215880545,
            "login": "asifuae1983",
            "display_login": "asifuae1983",
            "gravatar_id": "",
            "url": "https://api.github.com/users/asifuae1983",
            "avatar_url": "https://avatars.githubusercontent.com/u/215880545?"
        },
        "repo": {
            "id": 1007309900,
            "name": "asifuae1983/selenium",
            "url": "https://api.github.com/repos/asifuae1983/selenium"
        },
        "payload": {
            "repository_id": 1007309900,
            "push_id": 25102063707,
            "size": 1,
            "distinct_size": 1,
            "ref": "refs/heads/master",
            "head": "01fe4547a4d90627e44d02c41ebfbce8271eb129",
            "before": "9eb325e95d518cefaca04726bd105529006c1fe7",
            "commits": [
                {
                    "sha": "01fe4547a4d90627e44d02c41ebfbce8271eb129",
                    "author": {
                        "email": "asifuae1983@gmail.com",
                        "name": "asifuae1983"
                    },
                    "message": "Create test-file.txt via API",
                    "distinct": true,
                    "url": "https://api.github.com/repos/asifuae1983/selenium/commits/01fe4547a4d90627e44d02c41ebfbce8271eb129"
                }
            ]
        },
        "public": true,
        "created_at": "2025-06-25T03:58:56Z"
    },
    {
        "id": "51306307996",
        "type": "PushEvent",
        "actor": {
            "id": 215880545,
            "login": "asifuae1983",
            "display_login": "asifuae1983",
            "gravatar_id": "",
            "url": "https://api.github.com/users/asifuae1983",
            "avatar_url": "https://avatars.githubusercontent.com/u/215880545?"
        },
        "repo": {
            "id": 1007309900,
            "name": "asifuae1983/selenium",
            "url": "https://api.github.com/repos/asifuae1983/selenium"
        },
        "payload": {
            "repository_id": 1007309900,
            "push_id": 25102049632,
            "size": 1,
            "distinct_size": 1,
            "ref": "refs/heads/master",
            "head": "9eb325e95d518cefaca04726bd105529006c1fe7",
            "before": "883eebf439168980283e8c9f403d76fe8ece7efe",
            "commits": [
                {
                    "sha": "9eb325e95d518cefaca04726bd105529006c1fe7",
                    "author": {
                        "email": "asifuae1983@gmail.com",
                        "name": "asifuae1983"
                    },
                    "message": "Delete test-file.txt via API",
                    "distinct": true,
                    "url": "https://api.github.com/repos/asifuae1983/selenium/commits/9eb325e95d518cefaca04726bd105529006c1fe7"
                }
            ]
        },
        "public": true,
        "created_at": "2025-06-25T03:57:35Z"
    },
    {
        "id": "51306307570",
        "type": "PushEvent",
        "actor": {
            "id": 215880545,
            "login": "asifuae1983",
            "display_login": "asifuae1983",
            "gravatar_id": "",
            "url": "https://api.github.com/users/asifuae1983",
            "avatar_url": "https://avatars.githubusercontent.com/u/215880545?"
        },
        "repo": {
            "id": 1007309900,
            "name": "asifuae1983/selenium",
            "url": "https://api.github.com/repos/asifuae1983/selenium"
        },
        "payload": {
            "repository_id": 1007309900,
            "push_id": 25102049480,
            "size": 1,
            "distinct_size": 1,
            "ref": "refs/heads/master",
            "head": "883eebf439168980283e8c9f403d76fe8ece7efe",
            "before": "b013d9a1377e3cd58ab626038615873ce3b29b5b",
            "commits": [
                {
                    "sha": "883eebf439168980283e8c9f403d76fe8ece7efe",
                    "author": {
                        "email": "asifuae1983@gmail.com",
                        "name": "asifuae1983"
                    },
                    "message": "Create test-file.txt via API",
                    "distinct": true,
                    "url": "https://api.github.com/repos/asifuae1983/selenium/commits/883eebf439168980283e8c9f403d76fe8ece7efe"
                }
            ]
        },
        "public": true,
        "created_at": "2025-06-25T03:57:34Z"
    },
    {
        "id": "51306287741",
        "type": "PushEvent",
        "actor": {
            "id": 215880545,
            "login": "asifuae1983",
            "display_login": "asifuae1983",
            "gravatar_id": "",
            "url": "https://api.github.com/users/asifuae1983",
            "avatar_url": "https://avatars.githubusercontent.com/u/215880545?"
        },
        "repo": {
            "id": 1007309900,
            "name": "asifuae1983/selenium",
            "url": "https://api.github.com/repos/asifuae1983/selenium"
        },
        "payload": {
            "repository_id": 1007309900,
            "push_id": 25102040268,
            "size": 1,
            "distinct_size": 1,
            "ref": "refs/heads/master",
            "head": "b013d9a1377e3cd58ab626038615873ce3b29b5b",
            "before": "28a47125cc965c13bd1819904d8ab527acf43bd2",
            "commits": [
                {
                    "sha": "b013d9a1377e3cd58ab626038615873ce3b29b5b",
                    "author": {
                        "email": "asifuae1983@gmail.com",
                        "name": "asifuae1983"
                    },
                    "message": "Delete test-file.txt via API",
                    "distinct": true,
                    "url": "https://api.github.com/repos/asifuae1983/selenium/commits/b013d9a1377e3cd58ab626038615873ce3b29b5b"
                }
            ]
        },
        "public": true,
        "created_at": "2025-06-25T03:56:40Z"
    },
    {
        "id": "51306287446",
        "type": "PushEvent",
        "actor": {
            "id": 215880545,
            "login": "asifuae1983",
            "display_login": "asifuae1983",
            "gravatar_id": "",
            "url": "https://api.github.com/users/asifuae1983",
            "avatar_url": "https://avatars.githubusercontent.com/u/215880545?"
        },
        "repo": {
            "id": 1007309900,
            "name": "asifuae1983/selenium",
            "url": "https://api.github.com/repos/asifuae1983/selenium"
        },
        "payload": {
            "repository_id": 1007309900,
            "push_id": 25102040087,
            "size": 1,
            "distinct_size": 1,
            "ref": "refs/heads/master",
            "head": "28a47125cc965c13bd1819904d8ab527acf43bd2",
            "before": "d934cbf35847addf754fa884e107d4235ca21b10",
            "commits": [
                {
                    "sha": "28a47125cc965c13bd1819904d8ab527acf43bd2",
                    "author": {
                        "email": "asifuae1983@gmail.com",
                        "name": "asifuae1983"
                    },
                    "message": "Create test-file.txt via API",
                    "distinct": true,
                    "url": "https://api.github.com/repos/asifuae1983/selenium/commits/28a47125cc965c13bd1819904d8ab527acf43bd2"
                }
            ]
        },
        "public": true,
        "created_at": "2025-06-25T03:56:39Z"
    },
    {
        "id": "51306225467",
        "type": "PushEvent",
        "actor": {
            "id": 215880545,
            "login": "asifuae1983",
            "display_login": "asifuae1983",
            "gravatar_id": "",
            "url": "https://api.github.com/users/asifuae1983",
            "avatar_url": "https://avatars.githubusercontent.com/u/215880545?"
        },
        "repo": {
            "id": 1007309900,
            "name": "asifuae1983/selenium",
            "url": "https://api.github.com/repos/asifuae1983/selenium"
        },
        "payload": {
            "repository_id": 1007309900,
            "push_id": 25102010834,
            "size": 1,
            "distinct_size": 1,
            "ref": "refs/heads/master",
            "head": "d934cbf35847addf754fa884e107d4235ca21b10",
            "before": "285035ccdbf853b677204ba1b61032a60e3fdbfc",
            "commits": [
                {
                    "sha": "d934cbf35847addf754fa884e107d4235ca21b10",
                    "author": {
                        "email": "asifuae1983@gmail.com",
                        "name": "asifuae1983"
                    },
                    "message": "Delete test-file.txt via API",
                    "distinct": true,
                    "url": "https://api.github.com/repos/asifuae1983/selenium/commits/d934cbf35847addf754fa884e107d4235ca21b10"
                }
            ]
        },
        "public": true,
        "created_at": "2025-06-25T03:53:49Z"
    },
    {
        "id": "51306225266",
        "type": "PushEvent",
        "actor": {
            "id": 215880545,
            "login": "asifuae1983",
            "display_login": "asifuae1983",
            "gravatar_id": "",
            "url": "https://api.github.com/users/asifuae1983",
            "avatar_url": "https://avatars.githubusercontent.com/u/215880545?"
        },
        "repo": {
            "id": 1007309900,
            "name": "asifuae1983/selenium",
            "url": "https://api.github.com/repos/asifuae1983/selenium"
        },
        "payload": {
            "repository_id": 1007309900,
            "push_id": 25102010651,
            "size": 1,
            "distinct_size": 1,
            "ref": "refs/heads/master",
            "head": "285035ccdbf853b677204ba1b61032a60e3fdbfc",
            "before": "7402dbc0b11ab26aaa65b016d3c0ce476e280d49",
            "commits": [
                {
                    "sha": "285035ccdbf853b677204ba1b61032a60e3fdbfc",
                    "author": {
                        "email": "asifuae1983@gmail.com",
                        "name": "asifuae1983"
                    },
                    "message": "Create test-file.txt via API",
                    "distinct": true,
                    "url": "https://api.github.com/repos/asifuae1983/selenium/commits/285035ccdbf853b677204ba1b61032a60e3fdbfc"
                }
            ]
        },
        "public": true,
        "created_at": "2025-06-25T03:53:48Z"
    },
    {
        "id": "51306197195",
        "type": "CreateEvent",
        "actor": {
            "id": 215880545,
            "login": "asifuae1983",
            "display_login": "asifuae1983",
            "gravatar_id": "",
            "url": "https://api.github.com/users/asifuae1983",
            "avatar_url": "https://avatars.githubusercontent.com/u/215880545?"
        },
        "repo": {
            "id": 1007309900,
            "name": "asifuae1983/selenium",
            "url": "https://api.github.com/repos/asifuae1983/selenium"
        },
        "payload": {
            "ref": "develop",
            "ref_type": "branch",
            "master_branch": "master",
            "description": "Updated description",
            "pusher_type": "user"
        },
        "public": true,
        "created_at": "2025-06-25T03:52:33Z"
    },
    {
        "id": "51305810993",
        "type": "PushEvent",
        "actor": {
            "id": 215880545,
            "login": "asifuae1983",
            "display_login": "asifuae1983",
            "gravatar_id": "",
            "url": "https://api.github.com/users/asifuae1983",
            "avatar_url": "https://avatars.githubusercontent.com/u/215880545?"
        },
        "repo": {
            "id": 1007309900,
            "name": "asifuae1983/selenium",
            "url": "https://api.github.com/repos/asifuae1983/selenium"
        },
        "payload": {
            "repository_id": 1007309900,
            "push_id": 25101803716,
            "size": 1,
            "distinct_size": 1,
            "ref": "refs/heads/master",
            "head": "7402dbc0b11ab26aaa65b016d3c0ce476e280d49",
            "before": "4e87d7bbd1295d9bc8749ec9f17f64c0ccec52dc",
            "commits": [
                {
                    "sha": "7402dbc0b11ab26aaa65b016d3c0ce476e280d49",
                    "author": {
                        "email": "asifuae1983@gmail.com",
                        "name": "asifuae1983"
                    },
                    "message": "Delete test-file.txt via API",
                    "distinct": true,
                    "url": "https://api.github.com/repos/asifuae1983/selenium/commits/7402dbc0b11ab26aaa65b016d3c0ce476e280d49"
                }
            ]
        },
        "public": true,
        "created_at": "2025-06-25T03:34:34Z"
    }
]
&amp#27;[33mTest passed: testListRepositoryActivities (activities/events found)&amp#27;[0m
]]></system-out>
    <system-err><![CDATA[SLF4J: Failed to load class "org.slf4j.impl.StaticLoggerBinder".
SLF4J: Defaulting to no-operation (NOP) logger implementation
SLF4J: See http://www.slf4j.org/codes.html#StaticLoggerBinder for further details.
]]></system-err>
  </testcase>
</testsuite>