<?xml version="1.0" encoding="UTF-8"?>
<testsuite xmlns:xsi="http://www.w3.org/2001/XMLSchema-instance" xsi:noNamespaceSchemaLocation="https://maven.apache.org/surefire/maven-surefire-plugin/xsd/surefire-test-report-3.0.xsd" version="3.0" name="TestSuite" time="13.431" tests="19" errors="0" skipped="0" failures="0">
  <properties>
[...]
</properties>
  <testcase name="testGetRepository" classname="tests.RepositoryApiTest" time="1.018">
    <system-out><![CDATA[Starting test suite: Surefire test
Starting test: testGetRepository
&amp#27;[33mTest passed: testGetRepository&amp#27;[0m
]]></system-out>
    <system-err><![CDATA[SLF4J: Failed to load class "org.slf4j.impl.StaticLoggerBinder".
SLF4J: Defaulting to no-operation (NOP) logger implementation
SLF4J: See http://www.slf4j.org/codes.html#StaticLoggerBinder for further details.
]]></system-err>
  </testcase>
  <testcase name="testUpdateRepository" classname="tests.RepositoryApiTest" time="0.576">
    <system-out><![CDATA[Test passed: testGetRepository
Starting test: testUpdateRepository
&amp#27;[33mTest passed: testUpdateRepository&amp#27;[0m
]]></system-out>
  </testcase>
  <testcase name="testListRepositoryActivities" classname="tests.RepositoryApiTest" time="0.388">
    <system-out><![CDATA[Test passed: testUpdateRepository
Starting test: testListRepositoryActivities
&amp#27;[33mTest passed: testListRepositoryActivities (activities/events found)&amp#27;[0m
]]></system-out>
  </testcase>
  <testcase name="testCheckDependabotSecurityUpdatesEnabled" classname="tests.RepositoryApiTest" time="0.334">
    <system-out><![CDATA[Test passed: testListRepositoryActivities
Starting test: testCheckDependabotSecurityUpdatesEnabled
&amp#27;[33mTest passed: testCheckDependabotSecurityUpdatesEnabled (200 response)&amp#27;[0m
]]></system-out>
  </testcase>
  <testcase name="testListRepositoryContributors" classname="tests.RepositoryApiTest" time="0.388">
    <system-out><![CDATA[Test passed: testCheckDependabotSecurityUpdatesEnabled
Starting test: testListRepositoryContributors
&amp#27;[33mTest passed: testListRepositoryContributors. Contributors: [tebeka, minusnine, asifuae1983, tekkamanendless, hnakamur, crantok, Hexcles, fodpeter, nveeser, RaviTezu, DrMarcII, llonchj, hkeide, bcspragu, x-Xymos, tinyshrimp, ramblex, jucasansao, edef1c, vishnukarthikl, xemoe, serge1peshcoff, r-shestilovski, rtm7777, crazcalm, skunkworker, jmhodges, donny-son, BenKnigge]&amp#27;[0m
]]></system-out>
  </testcase>
  <testcase name="testListAllPublicRepositories" classname="tests.RepositoryApiTest" time="0.503">
    <system-out><![CDATA[Test passed: testListRepositoryContributors
Starting test: testListAllPublicRepositories
&amp#27;[33mTest passed: testListAllPublicRepositories. Count: 100. Names: [grit, merb-core, rubinius, god, jsawesome, jspec, exception_logger, ambition, restful-authentication, attachment_fu, microsis, s3, taboo, foxtracs, fotomatic, glowstick, starling, merb-more, thin, resource_controller, markaby, enum_field, subtlety, zippy, cache_fu, phosphor, sinatra, gsa-prototype, duplikate, lazy_record, gsa-feeds, votigoto, mofo, xhtmlize, ruby-git, bmhsearch, mofo, simply_versioned, gchart, schemr, calais, chronic, git-wiki, signal-wiki, ruby-on-rails-tmbundle, low-pro-for-jquery, merb-core, dst, yaws, yaws, tasks, ruby-on-rails-tmbundle, amazon-ec2, merblogger, merbtastic, alogr, autozest, rnginx, simply_versioned, switchpipe, arc, ebay4r, merb-plugins, ram, ambitious_activeldap, fitter_happier, oebfare, credit_card_tools, rorem, braid, uploadcolumn, ruby-on-rails-tmbundle, rack-mirror, coset-mirror, javascript-unittest-tmbundle, eycap, gitsum, sequel-model, god, blerb-core, django-mptt, bus-scheme, javascript-bits, groomlake, forgery, ambitious-sphinx, soup, rails, backpacking, capsize, starling, ape, awesomeness, audited, acts_as_geocodable, acts_as_money, calendar_builder, clear_empty_attributes, css_naked_day, imap_authenticatable]&amp#27;[0m
]]></system-out>
  </testcase>
  <testcase name="testListAllPublicRepositoriesWithPagination" classname="tests.RepositoryApiTest" time="2.0">
    <system-out><![CDATA[Test passed: testListAllPublicRepositories
Starting test: testListAllPublicRepositoriesWithPagination
&amp#27;[33mTest passed: testListAllPublicRepositoriesWithPagination (Page 1: 100 repositories)&amp#27;[0m
&amp#27;[33mTest passed: testListAllPublicRepositoriesWithPagination (Page 2: 100 repositories)&amp#27;[0m
&amp#27;[33mTest passed: testListAllPublicRepositoriesWithPagination (Page 3: 100 repositories)&amp#27;[0m
&amp#27;[33mTest passed: testListAllPublicRepositoriesWithPagination (Page 4: 100 repositories)&amp#27;[0m
&amp#27;[33mTest passed: testListAllPublicRepositoriesWithPagination. Total repositories fetched from 4 pages: 400. Names: [grit, merb-core, rubinius, god, jsawesome, jspec, exception_logger, ambition, restful-authentication, attachment_fu, microsis, s3, taboo, foxtracs, fotomatic, glowstick, starling, merb-more, thin, resource_controller, markaby, enum_field, subtlety, zippy, cache_fu, phosphor, sinatra, gsa-prototype, duplikate, lazy_record, gsa-feeds, votigoto, mofo, xhtmlize, ruby-git, bmhsearch, mofo, simply_versioned, gchart, schemr, calais, chronic, git-wiki, signal-wiki, ruby-on-rails-tmbundle, low-pro-for-jquery, merb-core, dst, yaws, yaws, tasks, ruby-on-rails-tmbundle, amazon-ec2, merblogger, merbtastic, alogr, autozest, rnginx, simply_versioned, switchpipe, arc, ebay4r, merb-plugins, ram, ambitious_activeldap, fitter_happier, oebfare, credit_card_tools, rorem, braid, uploadcolumn, ruby-on-rails-tmbundle, rack-mirror, coset-mirror, javascript-unittest-tmbundle, eycap, gitsum, sequel-model, god, blerb-core, django-mptt, bus-scheme, javascript-bits, groomlake, forgery, ambitious-sphinx, soup, rails, backpacking, capsize, starling, ape, awesomeness, audited, acts_as_geocodable, acts_as_money, calendar_builder, clear_empty_attributes, css_naked_day, imap_authenticatable, grit, merb-core, rubinius, god, jsawesome, jspec, exception_logger, ambition, restful-authentication, attachment_fu, microsis, s3, taboo, foxtracs, fotomatic, glowstick, starling, merb-more, thin, resource_controller, markaby, enum_field, subtlety, zippy, cache_fu, phosphor, sinatra, gsa-prototype, duplikate, lazy_record, gsa-feeds, votigoto, mofo, xhtmlize, ruby-git, bmhsearch, mofo, simply_versioned, gchart, schemr, calais, chronic, git-wiki, signal-wiki, ruby-on-rails-tmbundle, low-pro-for-jquery, merb-core, dst, yaws, yaws, tasks, ruby-on-rails-tmbundle, amazon-ec2, merblogger, merbtastic, alogr, autozest, rnginx, simply_versioned, switchpipe, arc, ebay4r, merb-plugins, ram, ambitious_activeldap, fitter_happier, oebfare, credit_card_tools, rorem, braid, uploadcolumn, ruby-on-rails-tmbundle, rack-mirror, coset-mirror, javascript-unittest-tmbundle, eycap, gitsum, sequel-model, god, blerb-core, django-mptt, bus-scheme, javascript-bits, groomlake, forgery, ambitious-sphinx, soup, rails, backpacking, capsize, starling, ape, awesomeness, audited, acts_as_geocodable, acts_as_money, calendar_builder, clear_empty_attributes, css_naked_day, imap_authenticatable, grit, merb-core, rubinius, god, jsawesome, jspec, exception_logger, ambition, restful-authentication, attachment_fu, microsis, s3, taboo, foxtracs, fotomatic, glowstick, starling, merb-more, thin, resource_controller, markaby, enum_field, subtlety, zippy, cache_fu, phosphor, sinatra, gsa-prototype, duplikate, lazy_record, gsa-feeds, votigoto, mofo, xhtmlize, ruby-git, bmhsearch, mofo, simply_versioned, gchart, schemr, calais, chronic, git-wiki, signal-wiki, ruby-on-rails-tmbundle, low-pro-for-jquery, merb-core, dst, yaws, yaws, tasks, ruby-on-rails-tmbundle, amazon-ec2, merblogger, merbtastic, alogr, autozest, rnginx, simply_versioned, switchpipe, arc, ebay4r, merb-plugins, ram, ambitious_activeldap, fitter_happier, oebfare, credit_card_tools, rorem, braid, uploadcolumn, ruby-on-rails-tmbundle, rack-mirror, coset-mirror, javascript-unittest-tmbundle, eycap, gitsum, sequel-model, god, blerb-core, django-mptt, bus-scheme, javascript-bits, groomlake, forgery, ambitious-sphinx, soup, rails, backpacking, capsize, starling, ape, awesomeness, audited, acts_as_geocodable, acts_as_money, calendar_builder, clear_empty_attributes, css_naked_day, imap_authenticatable, grit, merb-core, rubinius, god, jsawesome, jspec, exception_logger, ambition, restful-authentication, attachment_fu, microsis, s3, taboo, foxtracs, fotomatic, glowstick, starling, merb-more, thin, resource_controller, markaby, enum_field, subtlety, zippy, cache_fu, phosphor, sinatra, gsa-prototype, duplikate, lazy_record, gsa-feeds, votigoto, mofo, xhtmlize, ruby-git, bmhsearch, mofo, simply_versioned, gchart, schemr, calais, chronic, git-wiki, signal-wiki, ruby-on-rails-tmbundle, low-pro-for-jquery, merb-core, dst, yaws, yaws, tasks, ruby-on-rails-tmbundle, amazon-ec2, merblogger, merbtastic, alogr, autozest, rnginx, simply_versioned, switchpipe, arc, ebay4r, merb-plugins, ram, ambitious_activeldap, fitter_happier, oebfare, credit_card_tools, rorem, braid, uploadcolumn, ruby-on-rails-tmbundle, rack-mirror, coset-mirror, javascript-unittest-tmbundle, eycap, gitsum, sequel-model, god, blerb-core, django-mptt, bus-scheme, javascript-bits, groomlake, forgery, ambitious-sphinx, soup, rails, backpacking, capsize, starling, ape, awesomeness, audited, acts_as_geocodable, acts_as_money, calendar_builder, clear_empty_attributes, css_naked_day, imap_authenticatable]&amp#27;[0m
]]></system-out>
  </testcase>
  <testcase name="testListAuthenticatedUserRepositories" classname="tests.RepositoryApiTest" time="0.426">
    <system-out><![CDATA[Test passed: testListAllPublicRepositoriesWithPagination
Starting test: testListAuthenticatedUserRepositories
&amp#27;[33mTest passed: testListAuthenticatedUserRepositories. Count: 4. Names: [GitHub-RestAssured, PlayWrightTypeScriptProjectAPI, RestAssuredProjectAPI, selenium]&amp#27;[0m
]]></system-out>
  </testcase>
  <testcase name="testCreateRepositoryForAuthenticatedUser" classname="tests.RepositoryApiTest" time="1.405">
    <system-out><![CDATA[Test passed: testListAuthenticatedUserRepositories
Starting test: testCreateRepositoryForAuthenticatedUser
&amp#27;[33mTest passed: testCreateRepositoryForAuthenticatedUser. Repository: test-repo-1750847642689&amp#27;[0m
]]></system-out>
  </testcase>
  <testcase name="testDeleteRepositoryForAuthenticatedUser" classname="tests.RepositoryApiTest" time="0.649">
    <system-out><![CDATA[Test passed: testCreateRepositoryForAuthenticatedUser
Starting test: testDeleteRepositoryForAuthenticatedUser
&amp#27;[33mTest passed: testDeleteRepositoryForAuthenticatedUser. Repository: test-repo-1750847642689&amp#27;[0m
]]></system-out>
  </testcase>
  <testcase name="testListCommits" classname="tests.GetCommitDetailsTest" time="0.44">
    <system-out><![CDATA[Test passed: testDeleteRepositoryForAuthenticatedUser
Starting test: testListCommits
&amp#27;[33mTest passed: testListCommits. Commits: [2bbf88df645069b80ed7b87d3d44aa014884f33c, 140151a0e45dfb3f288bb55f08e759dbc3b761c3, 52560a5875a38c5ab3e00baa687a956c1a210638, 7eacbd68a06ee3464455c48834a2ddb7cd673c9b, 91eabd942259502c443f586d332338fba76454c7, 5f0acb6d43e266f864a41402df5a4255bd6469c4, af652224c6e005639c3f1f0fe467df383bc0b111, fb0c5a7c95da2caf6de962b67089e9f16b69056c, 699886579fe31e93e6541fcd18f21ed04ecd6cd5, cd423e6df86ef359ac9e5cce096153917f72b1dc, 9d3c8d3d4a40d17a4e77e9512db96cc5d4851eb0, 619e6f41117d4a5f174ef3cb9440701bd26bd926, 1128b2ee63409bc1967d2fdc76fb36320a8dd119, 5d1e41f254ebdba205281109d0895a359d7ec6e1, 0bb7df9c36a4190585c37c04d72d07f0a9dd9d6c, 31da9351cd8e06c1d280c1ecee6c2dd35ee7411d, 6d5a3a587bfb3762ac5b620ef15b331888153d6d, f078b75aea94b61f365df7072c398b72d1a78a94, 8e3a36f3ba35b7922e98032c09fed728a065f2e2, ad323caa66f00b4c9574f1e14d7d98139d2ae2cd, efbfd9d83b3fc2d0e6ebeee4e7a2966c64f208f0, 38fc59e67538f3495b0322650b89d92aa33190c6, 30c1e8f05fa8bf708558ac1beae212c40144294c, a6d46b6aaec0cb0a35e25a48b7ec32918d686945, f3733c954f25020686c9e93f456a9159a4341379, c64232e37644055d4da7e5e4900b3a1c23870bcb, d728eb2ceec6d1ffb6d87305bf8805751d734177, 48ee2b64a21e23528f5ef3355b6aa54693c82d0e, f887473e17bc93003d3b1d9363804516a9517a7d, 9439fb1da1d5543bda54a9d5b2481d0981f04cc2]&amp#27;[0m
]]></system-out>
  </testcase>
  <testcase name="testGetCommitByRef" classname="tests.GetCommitDetailsTest" time="0.608">
    <system-out><![CDATA[Test passed: testListCommits
Starting test: testGetCommitByRef
&amp#27;[33mTest passed: testGetCommitByRef. Commit SHA: 2bbf88df645069b80ed7b87d3d44aa014884f33c&amp#27;[0m
]]></system-out>
  </testcase>
  <testcase name="testCompareCommits" classname="tests.GetCommitDetailsTest" time="1.012">
    <system-out><![CDATA[Test passed: testGetCommitByRef
Starting test: testCompareCommits
&amp#27;[33mTest passed: testCompareCommits. Status: diverged, Total commits compared: 1&amp#27;[0m
]]></system-out>
  </testcase>
  <testcase name="testListBranches" classname="tests.GetBranchDetailsTest" time="0.335">
    <system-out><![CDATA[Test passed: testCompareCommits
Starting test: testListBranches
&amp#27;[33mTest passed: testListBranches. Branches: [develop, master]&amp#27;[0m
]]></system-out>
  </testcase>
  <testcase name="testGetBranch[master](1)" classname="tests.GetBranchDetailsTest" time="0.405">
    <system-out><![CDATA[Test passed: testListBranches
Starting test: testGetBranch
&amp#27;[33mTest passed: testGetBranch. Branch details fetched for: master&amp#27;[0m
]]></system-out>
  </testcase>
  <testcase name="testGetBranch[develop](2)" classname="tests.GetBranchDetailsTest" time="0.358">
    <system-out><![CDATA[Test passed: testGetBranch
Starting test: testGetBranch
&amp#27;[33mTest passed: testGetBranch. Branch details fetched for: develop&amp#27;[0m
]]></system-out>
  </testcase>
  <testcase name="testGetRepositoryContent" classname="tests.CheckRepoContentTest" time="0.363">
    <system-out><![CDATA[Test passed: testGetBranch
Starting test: testGetRepositoryContent
&amp#27;[33mTest passed: testGetRepositoryContent. Fetched content metadata for path: README.md in repo: selenium&amp#27;[0m
&amp#27;[32mContent of README.md:
# The most complete, best-tested WebDriver client for Go

[![GoDoc](https://godoc.org/github.com/tebeka/selenium?status.svg)](https://godoc.org/github.com/tebeka/selenium)
[![Travis](https://travis-ci.org/tebeka/selenium.svg?branch=master)](https://travis-ci.org/tebeka/selenium)
[![Go Report Card](https://goreportcard.com/badge/github.com/tebeka/selenium)](https://goreportcard.com/report/github.com/tebeka/selenium)

## About

This is a [WebDriver][selenium] client for [Go][go]. It supports the
[WebDriver protocol][webdriver] and has been tested with various versions of
[Selenium WebDriver][selenium], Firefox and [Geckodriver][geckodriver], and
Chrome and [ChromeDriver][chromedriver],

`selenium` is currently maintained by Eric Garrido ([@minusnine][minusnine]).

[selenium]: http://seleniumhq.org/
[webdriver]: https://www.w3.org/TR/webdriver/
[go]: http://golang.org/
[server]: http://seleniumhq.org/download/
[geckodriver]: https://github.com/mozilla/geckodriver
[chromedriver]: https://sites.google.com/a/chromium.org/chromedriver/
[minusnine]: http://github.com/minusnine

## Installing

Run

    go get -t -d github.com/tebeka/selenium

to fetch the package.

The package requires a working WebDriver installation, which can include recent
versions of a web browser being driven by Selenium WebDriver.

### Downloading Dependencies

We provide a means to download the ChromeDriver binary, the Firefox binary, the
Selenium WebDriver JARs, and the Sauce Connect proxy binary. This is primarily
intended for testing.

    $ cd vendor
    $ go run init.go --alsologtostderr  --download_browsers --download_latest
    $ cd ..

Re-run this periodically to get up-to-date versions of these binaries.

## Documentation

The API documentation is at https://godoc.org/github.com/tebeka/selenium. See [the example](https://github.com/tebeka/selenium/blob/master/example_test.go) and unit tests(for [sauce](https://github.com/tebeka/selenium/blob/master/sauce_test.go), [selenium](https://github.com/tebeka/selenium/blob/master/selenium_test.go) and [service](https://github.com/tebeka/selenium/blob/master/service_test.go)) for better usage information.

## Known Issues

Any issues are usually because the underlying browser automation framework has a
bug or inconsistency. Where possible, we try to cover up these underlying
problems in the client, but sometimes workarounds require higher-level
intervention.

Please feel free to [file an issue][issue] if this client doesn't work as
expected.

[issue]: https://github.com/tebeka/selenium/issues/new

Below are known issues that affect the usage of this API. There are likely
others filed on the respective issue trackers.

### Selenium 2

No longer supported.

### Selenium 3

1.  [Selenium 3 NewSession does not implement the W3C-specified parameters](https://github.com/SeleniumHQ/selenium/issues/2827).

### Geckodriver (Standalone)

1.  [Geckodriver does not support the Log API](https://github.com/mozilla/geckodriver/issues/284)
    because it
    [hasn't been defined in the spec yet](https://github.com/w3c/webdriver/issues/406).
2.  Firefox via Geckodriver (and also through Selenium)
    [doesn't handle clicking on an element](https://github.com/mozilla/geckodriver/issues/1007).
3.  Firefox via Geckodriver doesn't handle sending control characters
    [without appending a terminating null key](https://github.com/mozilla/geckodriver/issues/665).

### Chromedriver

1. [Headless Chrome does not support running extensions](https://crbug.com/706008).

## Breaking Changes

There are a number of upcoming changes that break backward compatibility in an
effort to improve and adapt the existing API. They are listed here:

### 22 August 2017

The `Version` constant was removed as it is unused.

### 18 April 2017

The Log method was changed to accept a typed constant for the type of log to
retrieve, instead of a raw string. The return value was also changed to provide
a more idiomatic type.

## Hacking

Patches are encouraged through GitHub pull requests. Please ensure that:

1.  A test is added for anything more than a trivial change and that the
    existing tests pass. See below for instructions on setting up your test
    environment.
2.  Please ensure that `gofmt` has been run on the changed files before
    committing. Install a pre-commit hook with the following command:

    $ ln -s ../../misc/git/pre-commit .git/hooks/pre-commit

See [the issue tracker][issues] for features that need implementing.

[issues]: https://github.com/tebeka/selenium/issues

### Testing Locally

Install `xvfb` and Java if they is not already installed, e.g.:

    sudo apt-get install xvfb openjdk-11-jre

Run the tests:

    $ go test

*   There is one top-level test for each of:

    1.  Chromium and ChromeDriver.
    2.  A new version of Firefox and Selenium 3.
    3.  HTMLUnit, a Java-based lightweight headless browser implementation.
    4.  A new version of Firefox directly against Geckodriver.

    There are subtests that are shared between both top-level tests.

*   To run only one of the top-level tests, pass one of:

    *   `-test.run=TestFirefoxSelenium3`,
    *   `-test.run=TestFirefoxGeckoDriver`,
    *   `-test.run=TestHTMLUnit`, or
    *   `-test.run=TestChrome`.

    To run a specific subtest, pass `-test.run=Test<Browser>/<subtest>` as
    appropriate. This flag supports regular expressions.

*   If the Chrome or Firefox binaries, the Selenium JAR, the Geckodriver binary,
    or the ChromeDriver binary cannot be found, the corresponding tests will be
    skipped.

*   The binaries and JAR under test can be configured by passing flags to `go
    test`. See the available flags with `go test --arg --help`.

*   Add the argument `-test.v` to see detailed output from the test automation
    framework.

### Testing With Docker

To ensure hermeticity, we also have tests that run under Docker. You will need
an installed and running Docker system.

To run the tests under Docker, run:

    $ go test --docker

This will create a new Docker container and run the tests in it. (Note: flags
supplied to this invocation are not curried through to the `go test` invocation
within the Docker container).

For debugging Docker directly, run the following commands:

    $ docker build -t go-selenium testing/
    $ docker run --volume=$(pwd):/code --workdir=/code -it go-selenium bash
    root@6c7951e41db6:/code# testing/docker-test.sh
    ... lots of testing output ...

### Testing With Sauce Labs

Tests can be run using a browser located in the cloud via Sauce Labs.

To run the tests under Sauce, run:

    $ go test --test.run=TestSauce --test.timeout=20m \
      --experimental_enable_sauce \
      --sauce_user_name=[username goes here] \
      --sauce_access_key=[access key goes here]

The Sauce access key can be obtained via
[the Sauce Labs user settings page](https://saucelabs.com/beta/user-settings).

Test results can be viewed through the
[Sauce Labs Dashboard](https://saucelabs.com/beta/dashboard/tests).

## License

This project is licensed under the [MIT][mit] license.

[mit]: https://raw.githubusercontent.com/tebeka/selenium/master/LICENSE
&amp#27;[0m
]]></system-out>
  </testcase>
  <testcase name="testCreateFileContent" classname="tests.CheckRepoContentTest" time="0.698">
    <system-out><![CDATA[Test passed: testGetRepositoryContent
Starting test: testCreateFileContent
&amp#27;[33mTest passed: testCreateFileContent. File 'test-file.txt' created successfully in repo: selenium&amp#27;[0m
]]></system-out>
  </testcase>
  <testcase name="testDeleteFileContent" classname="tests.CheckRepoContentTest" time="0.889">
    <system-out><![CDATA[Test passed: testCreateFileContent
Starting test: testDeleteFileContent
&amp#27;[33mTest passed: testDeleteFileContent. File 'test-file.txt' deleted successfully from repo: selenium&amp#27;[0m
]]></system-out>
  </testcase>
</testsuite>